  FROM ZERO TIME TO TIME  2.0008986
  COLLISIONS:-
   17633570.    6942742.    3109295.    2690434.     716643.
    6942742.    2685244.    1220862.    1053511.     279321.
    3109295.    1220862.     505602.     430802.     124565.
    2690434.    1053511.     430802.     360802.     107069.
     716643.     279321.     124565.     107069.      27108.
  TOTAL NUMBER OF SAMPLES  20000
 1000 MOLECULES
  80000000. TOTAL MOLECULAR MOVES
 60816436 SELECTIONS  27281407 COLLISION EVENTS, RATIO    0.448586076
  MEAN COLLISION SEPARATION   0.000975521805
 SAMPLES
  CELL     N SP 1    N SP 2     ETC 
      1  241824.   80918.   39128.   32188.    7129.
      2  242362.   80518.   39298.   31829.    7380.
      3  241416.   80849.   39189.   31877.    7289.
      4  241132.   80178.   39391.   31679.    7388.
      5  242060.   79577.   39188.   31789.    7254.
      6  243282.   79954.   39275.   31622.    7242.
      7  243502.   79545.   39663.   31426.    7315.
      8  242593.   79879.   39525.   31628.    7278.
      9  240952.   80154.   39440.   31576.    7319.
     10  240643.   81200.   39943.   31335.    7312.
     11  241017.   80435.   39659.   31872.    7422.
     12  240491.   80008.   40002.   31744.    7550.
     13  240425.   80510.   39525.   31819.    7492.
     14  239556.   80432.   38868.   31868.    7594.
     15  239684.   79892.   39429.   31841.    7711.
     16  239865.   79827.   39773.   31856.    7730.
     17  239145.   79796.   38853.   31906.    7758.
     18  239796.   80490.   39527.   32135.    7938.
     19  240169.   80415.   39588.   32477.    7996.
     20  240199.   80269.   39447.   31980.    7883.
     21  239596.   80249.   39887.   32486.    8047.
     22  239872.   80466.   39381.   32216.    7899.
     23  240563.   80215.   39807.   32175.    7878.
     24  239319.   80557.   40452.   32683.    8037.
     25  239173.   80390.   40253.   32306.    8092.
     26  238639.   79954.   40471.   32106.    8096.
     27  238779.   79828.   40355.   32102.    8268.
     28  239534.   79642.   40482.   32409.    8390.
     29  239945.   79689.   40383.   32589.    8495.
     30  239693.   79240.   40488.   32332.    8263.
     31  239381.   78738.   40495.   32399.    8291.
     32  238728.   79314.   40315.   32479.    8126.
     33  239120.   79847.   39991.   32270.    8027.
     34  238578.   79725.   40598.   32195.    7953.
     35  239228.   80341.   40906.   32500.    8218.
     36  238403.   79745.   40230.   32229.    8219.
     37  239582.   79341.   40114.   31925.    8329.
     38  239911.   79667.   40193.   31867.    8582.
     39  239977.   79309.   40170.   31738.    8459.
     40  239518.   80350.   40510.   32035.    8620.
     41  238423.   80171.   40252.   32345.    8948.
     42  238624.   80264.   40670.   31953.    8623.
     43  238365.   80226.   40201.   32444.    8693.
     44  238616.   79671.   40393.   32125.    8237.
     45  238729.   79357.   39880.   31851.    8401.
     46  239095.   79592.   40753.   31558.    8602.
     47  239645.   79806.   40775.   31408.    8433.
     48  239490.   80239.   40720.   31641.    8588.
     49  240759.   79876.   41315.   31489.    8650.
     50  240602.   79345.   40849.   31698.    8556.
  FLOWFIELD PROPERTIES
   CELL   X COORD     DENSITY       U         V        W         TEMP
     1    0.0100  4.4099E-06    0.1706   -0.1662    1.4437  303.6627
     2    0.0300  4.4139E-06    0.0469   -0.5100    2.0242  303.6227
     3    0.0500  4.4045E-06   -0.2047   -1.5356    2.7586  303.3812
     4    0.0700  4.3946E-06   -0.0742   -1.6179    2.5853  304.0792
     5    0.0900  4.3974E-06    0.4929   -2.3622    2.0467  303.6617
     6    0.1100  4.4165E-06   -0.1523   -1.6259    2.7384  303.2679
     7    0.1300  4.4168E-06   -0.2791   -0.7764    0.9213  303.2410
     8    0.1500  4.4090E-06   -0.1403    0.2919    2.9158  303.6190
     9    0.1700  4.3912E-06   -0.0689    0.3639    4.6830  303.5457
    10    0.1900  4.4010E-06    0.3219   -1.3118    4.2598  304.2257
    11    0.2100  4.3991E-06    0.0865   -1.9444    4.7426  303.7311
    12    0.2300  4.3905E-06   -0.1575   -1.0113    4.7998  304.2971
    13    0.2500  4.3921E-06    0.3489   -0.7810    4.7632  304.3233
    14    0.2700  4.3775E-06   -0.0162    0.5237    3.5324  305.3652
    15    0.2900  4.3776E-06   -0.0584   -0.3767    4.4754  305.1237
    16    0.3100  4.3815E-06   -0.5914   -0.2485    4.3800  305.7794
    17    0.3300  4.3670E-06    0.6224   -0.2033    4.2871  305.7588
    18    0.3500  4.3901E-06   -0.3465    0.6494    3.6790  304.5012
    19    0.3700  4.3966E-06    0.1898    0.3238    2.6291  304.2577
    20    0.3900  4.3908E-06    0.0509    0.0865    2.0905  304.1358
    21    0.4100  4.3899E-06    0.1432   -1.2569    1.2621  303.9029
    22    0.4300  4.3898E-06   -0.1545   -0.6875    0.6183  304.0192
    23    0.4500  4.3979E-06   -0.0420   -1.0423    2.3675  303.6595
    24    0.4700  4.3944E-06    0.2308   -1.8450    2.8059  304.7076
    25    0.4900  4.3881E-06   -0.0976   -1.1184    2.7256  303.8069
    26    0.5100  4.3769E-06   -0.1072   -1.0262    2.0842  304.3206
    27    0.5300  4.3782E-06    0.1565   -0.2135    2.4371  304.4840
    28    0.5500  4.3891E-06   -0.0785   -0.6170    3.7266  303.8083
    29    0.5700  4.3961E-06   -0.4102   -0.4104    3.7163  303.0807
    30    0.5900  4.3850E-06    0.6784   -0.1671    3.7033  303.4988
    31    0.6100  4.3761E-06   -0.2040   -0.9348    3.2369  303.8993
    32    0.6300  4.3720E-06    0.1862   -0.5632    3.1004  304.4023
    33    0.6500  4.3788E-06   -0.3939   -0.7416    2.5554  304.1441
    34    0.6700  4.3734E-06    0.0547   -1.1352    3.6167  303.8417
    35    0.6900  4.3945E-06    0.2036   -2.5637    4.1163  304.2804
    36    0.7100  4.3719E-06    0.4484   -2.5921    2.9625  305.1671
    37    0.7300  4.3810E-06   -0.7112   -4.1952    3.8415  303.9947
    38    0.7500  4.3915E-06    0.3589   -4.3098    3.8162  304.7861
    39    0.7700  4.3863E-06   -0.2584   -3.9870    2.9757  304.3511
    40    0.7900  4.3975E-06    0.3639   -3.7830    2.9546  303.9835
    41    0.8100  4.3850E-06    0.3450   -4.8923    2.4055  304.0357
    42    0.8300  4.3860E-06   -0.2797   -4.7355    5.2734  304.5963
    43    0.8500  4.3825E-06   -0.3057   -4.8306    4.5220  304.2321
    44    0.8700  4.3744E-06    0.0900   -3.3835    2.2775  303.8881
    45    0.8900  4.3694E-06    0.1917   -3.0031    3.3395  305.0366
    46    0.9100  4.3826E-06    0.1743   -2.4507    3.5964  304.5232
    47    0.9300  4.3896E-06   -0.5275   -3.7552    2.7235  304.0474
    48    0.9500  4.3949E-06    0.2387   -3.7715    2.6888  303.7538
    49    0.9700  4.4103E-06    0.3046   -4.7694    3.2335  304.1759
    50    0.9900  4.3995E-06    0.0423   -5.9440    2.7371  303.8955


  SPECIES  1
  CELL   X COORD      N DENS     DENSITY U DIF VEL V DIF VEL W DIF VEL      TEMP 
     1   0.0100  6.0456E+19  3.0228E-06   -0.1466   -0.2308    0.0189  303.3557
     2   0.0300  6.0591E+19  3.0295E-06   -0.4506    0.6323   -0.1271  303.9529
     3   0.0500  6.0354E+19  3.0177E-06    0.1748   -0.1537   -0.4968  303.3036
     4   0.0700  6.0283E+19  3.0142E-06   -0.1504    0.1518    0.1793  304.3471
     5   0.0900  6.0515E+19  3.0258E-06   -0.0038   -0.1686    0.1639  303.6685
     6   0.1100  6.0820E+19  3.0410E-06    0.2167    0.0617   -0.2756  303.1683
     7   0.1300  6.0875E+19  3.0438E-06   -0.2990    0.0159   -0.0227  303.3207
     8   0.1500  6.0648E+19  3.0324E-06    0.3415    0.6337    0.1145  302.9772
     9   0.1700  6.0238E+19  3.0119E-06   -0.1295    0.2198    0.2983  302.6351
    10   0.1900  6.0161E+19  3.0080E-06    0.1804   -0.4761    0.2983  304.3393
    11   0.2100  6.0254E+19  3.0127E-06   -0.2025   -0.2222    0.2599  304.2145
    12   0.2300  6.0123E+19  3.0061E-06    0.5411   -0.0889   -0.0864  303.3818
    13   0.2500  6.0106E+19  3.0053E-06   -0.1085   -0.0881   -0.2086  304.7588
    14   0.2700  5.9889E+19  2.9945E-06    0.4880    1.1083   -0.0831  305.2455
    15   0.2900  5.9921E+19  2.9961E-06    0.1252   -0.1441    0.0693  305.7549
    16   0.3100  5.9966E+19  2.9983E-06   -0.2876   -0.1918   -0.1655  306.5986
    17   0.3300  5.9786E+19  2.9893E-06    0.2427    0.1913   -0.1663  306.8506
    18   0.3500  5.9949E+19  2.9974E-06    0.1349   -0.7801    0.2885  304.5051
    19   0.3700  6.0042E+19  3.0021E-06   -0.3601    0.1979    0.1592  304.3748
    20   0.3900  6.0050E+19  3.0025E-06    0.1088    0.3057   -0.4562  304.3460
    21   0.4100  5.9899E+19  2.9950E-06   -0.0507    0.4641   -0.1607  304.1855
    22   0.4300  5.9968E+19  2.9984E-06   -0.5315    0.0145    0.1284  303.9142
    23   0.4500  6.0141E+19  3.0070E-06    0.3211   -0.0602   -0.2283  303.6592
    24   0.4700  5.9830E+19  2.9915E-06   -0.2873    0.1027    0.1515  304.1307
    25   0.4900  5.9793E+19  2.9897E-06    0.0591   -0.3558    0.8532  304.0102
    26   0.5100  5.9660E+19  2.9830E-06   -0.1045    0.6040   -0.2349  305.3655
    27   0.5300  5.9695E+19  2.9847E-06   -0.0361    0.4892    0.2602  304.2257
    28   0.5500  5.9883E+19  2.9942E-06    0.1059    0.0991    0.1663  303.9997
    29   0.5700  5.9986E+19  2.9993E-06    0.0134    0.1531    0.3032  302.8843
    30   0.5900  5.9923E+19  2.9962E-06    0.2963   -0.1893    0.4924  303.2110
    31   0.6100  5.9845E+19  2.9923E-06   -0.0305   -0.4232   -0.0644  303.1080
    32   0.6300  5.9682E+19  2.9841E-06   -0.3998   -0.1784   -0.0627  304.0414
    33   0.6500  5.9780E+19  2.9890E-06    0.1946   -0.1302    0.2333  304.1996
    34   0.6700  5.9644E+19  2.9822E-06   -0.0301   -0.1593    0.0021  303.8416
    35   0.6900  5.9807E+19  2.9903E-06    0.1098    0.3418    0.6889  304.2325
    36   0.7100  5.9601E+19  2.9800E-06    0.1270   -0.0236    0.0219  305.2266
    37   0.7300  5.9896E+19  2.9948E-06    0.4439   -0.3197   -0.2688  303.7197
    38   0.7500  5.9978E+19  2.9989E-06    0.1472    0.0102   -0.4706  303.8349
    39   0.7700  5.9994E+19  2.9997E-06   -0.3575   -0.0892    0.4120  305.4739
    40   0.7900  5.9880E+19  2.9940E-06   -0.2367   -0.2380   -0.4663  304.4906
    41   0.8100  5.9606E+19  2.9803E-06    0.0657   -0.6016    0.3516  303.9775
    42   0.8300  5.9656E+19  2.9828E-06    0.2510    0.3406   -0.2529  304.9893
    43   0.8500  5.9591E+19  2.9796E-06   -0.0093   -0.1286   -0.3818  303.3630
    44   0.8700  5.9654E+19  2.9827E-06   -0.1908    0.1694    0.4300  303.7054
    45   0.8900  5.9682E+19  2.9841E-06    0.2981   -0.0733   -0.0130  305.0703
    46   0.9100  5.9774E+19  2.9887E-06   -0.3100    0.1280   -0.2219  304.6703
    47   0.9300  5.9911E+19  2.9956E-06    0.2673    0.2538    0.2743  303.8668
    48   0.9500  5.9872E+19  2.9936E-06    0.0149   -0.0549    0.7700  303.8797
    49   0.9700  6.0190E+19  3.0095E-06   -0.1178    0.1604    0.0445  304.4153
    50   0.9900  6.0150E+19  3.0075E-06    0.2404   -0.2051   -0.6180  303.6898

  SPECIES  2
  CELL   X COORD      N DENS     DENSITY U DIF VEL V DIF VEL W DIF VEL      TEMP 
     1   0.0100  2.0229E+19  9.1033E-07    0.7482    0.1968   -2.1602  304.0438
     2   0.0300  2.0130E+19  9.0583E-07    0.9154   -2.0009    0.8558  303.2134
     3   0.0500  2.0212E+19  9.0955E-07    0.0182   -0.8805    1.7127  303.7791
     4   0.0700  2.0044E+19  9.0200E-07    0.1841   -1.3869   -0.6982  304.4273
     5   0.0900  1.9894E+19  8.9524E-07   -1.0367    0.3819   -1.4609  304.2936
     6   0.1100  1.9988E+19  8.9948E-07   -0.8154   -0.2649   -0.4920  303.3398
     7   0.1300  1.9886E+19  8.9488E-07    0.8085   -1.0276    0.1892  302.1237
     8   0.1500  1.9970E+19  8.9864E-07   -0.7589   -1.6821   -0.3482  305.7358
     9   0.1700  2.0039E+19  9.0173E-07    0.6057    0.2721   -1.7071  305.3882
    10   0.1900  2.0300E+19  9.1350E-07   -0.1460    0.5644   -1.5201  302.4198
    11   0.2100  2.0109E+19  9.0489E-07   -0.4638   -0.1062   -0.1825  302.7903
    12   0.2300  2.0002E+19  9.0009E-07   -1.3491    1.2776   -0.0632  304.9104
    13   0.2500  2.0127E+19  9.0574E-07    0.3490    0.7510    0.4406  303.1478
    14   0.2700  2.0108E+19  9.0486E-07   -0.3367   -1.1789    0.0511  304.9053
    15   0.2900  1.9973E+19  8.9879E-07   -1.7418    0.1526   -0.4676  303.9353
    16   0.3100  1.9957E+19  8.9805E-07    1.2036    1.2048    1.1932  303.9311
    17   0.3300  1.9949E+19  8.9771E-07   -0.3527    1.2286    1.3007  304.5456
    18   0.3500  2.0122E+19  9.0551E-07    0.4472    2.0945   -0.7831  304.1621
    19   0.3700  2.0104E+19  9.0467E-07    0.6839    0.3955   -0.5138  304.0768
    20   0.3900  2.0067E+19  9.0303E-07   -0.1652   -0.7524    1.2026  303.8334
    21   0.4100  2.0062E+19  9.0280E-07    0.3452   -0.4186    0.7837  304.4953
    22   0.4300  2.0116E+19  9.0524E-07    0.7331   -1.8106   -1.5489  302.8675
    23   0.4500  2.0054E+19  9.0242E-07   -1.3264   -1.2694    0.3918  303.4891
    24   0.4700  2.0139E+19  9.0627E-07    0.2334   -2.1979   -0.3333  306.3369
    25   0.4900  2.0098E+19  9.0439E-07    0.3850    0.1446   -1.9028  304.9789
    26   0.5100  1.9988E+19  8.9948E-07    0.4624   -1.5985    1.4574  302.2060
    27   0.5300  1.9957E+19  8.9807E-07   -0.6412   -0.4191   -2.4563  305.0707
    28   0.5500  1.9910E+19  8.9597E-07   -0.6275   -0.2221   -0.3899  303.5056
    29   0.5700  1.9922E+19  8.9650E-07    0.0614   -0.3944   -0.3542  302.6654
    30   0.5900  1.9810E+19  8.9145E-07   -1.2588    0.5244   -2.0409  304.0640
    31   0.6100  1.9684E+19  8.8580E-07   -0.1909    2.1117   -1.6789  304.3937
    32   0.6300  1.9829E+19  8.9228E-07    1.2914    0.1438    0.3414  305.0498
    33   0.6500  1.9962E+19  8.9828E-07    0.1661    0.0295   -0.0241  303.5894
    34   0.6700  1.9931E+19  8.9691E-07   -0.2642   -0.7190    0.8927  303.8495
    35   0.6900  2.0085E+19  9.0384E-07   -1.1924   -0.6194   -1.0063  303.7053
    36   0.7100  1.9936E+19  8.9713E-07   -0.2786    0.4981   -0.4879  305.3073
    37   0.7300  1.9835E+19  8.9259E-07   -0.5467    0.7217    1.3027  304.7584
    38   0.7500  1.9917E+19  8.9625E-07    0.4789   -1.1597    1.7591  307.1736
    39   0.7700  1.9827E+19  8.9223E-07    1.1634   -0.3786    0.1326  303.1006
    40   0.7900  2.0087E+19  9.0394E-07   -0.2772    0.4635    0.9462  303.4990
    41   0.8100  2.0043E+19  9.0192E-07    0.5185    2.2484   -1.9995  304.4822
    42   0.8300  2.0066E+19  9.0297E-07   -1.2546   -1.2857    0.9061  304.6407
    43   0.8500  2.0056E+19  9.0254E-07    0.0870    1.9742    0.3089  304.8440
    44   0.8700  1.9918E+19  8.9630E-07    1.1962    0.4156   -0.3426  304.2538
    45   0.8900  1.9839E+19  8.9277E-07   -1.1815   -0.0601    0.6014  305.1129
    46   0.9100  1.9898E+19  8.9541E-07    0.9547    0.3147   -0.3251  304.6235
    47   0.9300  1.9952E+19  8.9782E-07   -0.6806   -0.9203    0.0899  303.3437
    48   0.9500  2.0060E+19  9.0269E-07    0.4702    0.9041   -2.0452  302.7545
    49   0.9700  1.9969E+19  8.9861E-07    0.7665   -0.0320   -0.4819  304.1010
    50   0.9900  1.9836E+19  8.9263E-07   -1.6227   -1.2933    1.8978  304.5022

  SPECIES  3
  CELL   X COORD      N DENS     DENSITY U DIF VEL V DIF VEL W DIF VEL      TEMP 
     1   0.0100  9.7820E+18  2.4455E-07   -1.6888    0.3891    3.0736  302.8116
     2   0.0300  9.8245E+18  2.4561E-07    3.0400    1.4040   -1.1164  302.3003
     3   0.0500  9.7973E+18  2.4493E-07   -0.1584    4.5054    1.8822  304.5653
     4   0.0700  9.8477E+18  2.4619E-07   -0.9311    0.0643    2.1409  304.0773
     5   0.0900  9.7970E+18  2.4492E-07    1.8460    1.4549    2.1089  300.9463
     6   0.1100  9.8187E+18  2.4547E-07    0.7019    0.4569    1.7704  301.3145
     7   0.1300  9.9157E+18  2.4789E-07    1.8211   -0.1341    0.9662  304.8882
     8   0.1500  9.8812E+18  2.4703E-07    0.8080    1.4197    1.0748  302.9962
     9   0.1700  9.8600E+18  2.4650E-07    0.7321   -4.2586    3.0853  303.6749
    10   0.1900  9.9858E+18  2.4964E-07   -0.8335    2.8886    1.9705  304.8285
    11   0.2100  9.9147E+18  2.4787E-07    2.5146   -1.1777   -4.5039  303.2784
    12   0.2300  1.0001E+19  2.5001E-07   -1.6187   -2.8301   -1.9734  306.0050
    13   0.2500  9.8812E+18  2.4703E-07    0.3656    1.2124    1.7124  303.9899
    14   0.2700  9.7170E+18  2.4293E-07   -3.8142   -4.9472   -0.4801  305.3087
    15   0.2900  9.8573E+18  2.4643E-07    0.6230    0.4106    0.5454  304.4526
    16   0.3100  9.9432E+18  2.4858E-07    1.7407    0.3835   -1.0393  303.3024
    17   0.3300  9.7132E+18  2.4283E-07   -1.2703   -2.7876   -2.6136  304.3893
    18   0.3500  9.8817E+18  2.4704E-07   -4.5910    1.4088   -2.0220  305.6376
    19   0.3700  9.8970E+18  2.4742E-07   -1.9404   -0.8833    1.6227  304.9581
    20   0.3900  9.8617E+18  2.4654E-07    0.5634    0.5286    2.2236  304.5920
    21   0.4100  9.9718E+18  2.4929E-07    1.6294   -2.6937    0.9664  300.6562
    22   0.4300  9.8453E+18  2.4613E-07    3.8205    1.5636    3.3340  305.8342
    23   0.4500  9.9518E+18  2.4879E-07   -0.5227    1.0248    3.1013  305.0367
    24   0.4700  1.0113E+19  2.5283E-07    3.7848    6.3003   -0.0051  303.6376
    25   0.4900  1.0063E+19  2.5158E-07   -0.0084    4.1867   -2.3358  301.6514
    26   0.5100  1.0118E+19  2.5294E-07    0.9578   -0.6150   -1.1259  301.9555
    27   0.5300  1.0089E+19  2.5222E-07    0.1392   -3.9736    3.0048  305.1735
    28   0.5500  1.0120E+19  2.5301E-07    2.1470   -0.2408   -1.8891  303.2098
    29   0.5700  1.0096E+19  2.5239E-07    1.1326   -1.7640   -1.4111  304.3727
    30   0.5900  1.0122E+19  2.5305E-07    0.5363   -0.2869    0.7766  303.3044
    31   0.6100  1.0124E+19  2.5309E-07    1.2886   -0.4023    0.5934  306.2784
    32   0.6300  1.0079E+19  2.5197E-07   -0.9529    1.5663    0.3298  304.8355
    33   0.6500  9.9978E+18  2.4994E-07   -2.7072    1.6387   -2.2223  304.5271
    34   0.6700  1.0149E+19  2.5374E-07    2.8641   -0.2733   -4.3994  303.2558
    35   0.6900  1.0226E+19  2.5566E-07   -0.1690   -0.3168   -2.6226  306.0926
    36   0.7100  1.0058E+19  2.5144E-07    0.0971   -1.1958   -1.3268  302.8446
    37   0.7300  1.0028E+19  2.5071E-07   -3.2137   -0.3622    1.9419  305.3613
    38   0.7500  1.0048E+19  2.5121E-07   -2.0653    3.7937    0.5013  305.9519
    39   0.7700  1.0042E+19  2.5106E-07   -0.3170   -0.2455   -6.2076  301.2575
    40   0.7900  1.0127E+19  2.5319E-07    2.5495    0.5722    3.7433  303.6011
    41   0.8100  1.0063E+19  2.5157E-07   -0.4324   -0.4442    4.4600  303.9777
    42   0.8300  1.0167E+19  2.5419E-07    0.5322   -0.1069    2.1439  304.0226
    43   0.8500  1.0050E+19  2.5126E-07   -0.4451   -3.6481   -0.2076  305.3112
    44   0.8700  1.0098E+19  2.5246E-07   -1.2113   -2.5011   -0.8358  303.3088
    45   0.8900  9.9700E+18  2.4925E-07    1.4820    2.8638    0.2492  304.3817
    46   0.9100  1.0188E+19  2.5471E-07   -0.8169   -2.1150    2.2498  304.7971
    47   0.9300  1.0194E+19  2.5484E-07   -0.0343    2.0658   -2.2760  305.0544
    48   0.9500  1.0180E+19  2.5450E-07   -0.6872   -0.9906    0.6309  305.9424
    49   0.9700  1.0329E+19  2.5822E-07    1.1269   -2.6586   -0.6565  304.7648
    50   0.9900  1.0212E+19  2.5531E-07   -0.0654    3.1293    0.0793  305.5241

  SPECIES  4
  CELL   X COORD      N DENS     DENSITY U DIF VEL V DIF VEL W DIF VEL      TEMP 
     1   0.0100  8.0470E+18  1.6094E-07    0.4831    2.3690    5.7888  305.1344
     2   0.0300  7.9572E+18  1.5914E-07   -2.1075   -0.0601   -2.0819  302.9820
     3   0.0500  7.9692E+18  1.5938E-07    0.4585    1.8965   -3.5448  302.2206
     4   0.0700  7.9197E+18  1.5839E-07    1.6250    4.7205   -2.1522  301.7123
     5   0.0900  7.9472E+18  1.5894E-07    0.2379    0.9092   -0.4146  305.2832
     6   0.1100  7.9055E+18  1.5811E-07   -0.8093    0.3156    2.1008  305.7928
     7   0.1300  7.8565E+18  1.5713E-07    1.8357    5.1324   -0.3446  302.5301
     8   0.1500  7.9070E+18  1.5814E-07   -3.9954   -2.5888   -1.9476  304.3279
     9   0.1700  7.8940E+18  1.5788E-07   -3.2397    1.9310   -0.3005  304.7948
    10   0.1900  7.8337E+18  1.5668E-07   -0.8352    2.5173   -0.0017  305.6940
    11   0.2100  7.9680E+18  1.5936E-07    1.7135    5.9936    2.0091  302.9333
    12   0.2300  7.9360E+18  1.5872E-07   -2.5449   -3.3233    1.9158  306.3044
    13   0.2500  7.9548E+18  1.5909E-07    1.9183   -1.9300   -1.6153  304.4270
    14   0.2700  7.9670E+18  1.5934E-07   -0.8274   -3.8176    1.4714  307.2313
    15   0.2900  7.9602E+18  1.5920E-07    6.3229   -0.3838    2.2479  304.4736
    16   0.3100  7.9640E+18  1.5928E-07   -3.8232   -2.7456   -0.3164  306.0136
    17   0.3300  7.9765E+18  1.5953E-07    1.7355   -4.1972    4.3246  302.5259
    18   0.3500  8.0337E+18  1.6068E-07    0.1128    2.1733    3.3700  302.9256
    19   0.3700  8.1193E+18  1.6239E-07    4.2557   -4.3892   -1.7500  303.3221
    20   0.3900  7.9950E+18  1.5990E-07    1.3398    1.0490    1.6100  303.4090
    21   0.4100  8.1215E+18  1.6243E-07   -4.3988   -1.5022   -0.0856  303.8845
    22   0.4300  8.0540E+18  1.6108E-07    0.9227    4.4309    0.4123  305.7320
    23   0.4500  8.0437E+18  1.6088E-07    2.1602    4.4246   -4.3197  302.6863
    24   0.4700  8.1707E+18  1.6341E-07   -1.1885   -0.2032    0.8290  305.3178
    25   0.4900  8.0765E+18  1.6153E-07   -4.8995   -0.3286    0.2352  301.9970
    26   0.5100  8.0265E+18  1.6053E-07    0.0956    0.1409   -0.8534  305.7211
    27   0.5300  8.0255E+18  1.6051E-07    3.4019   -2.5578    2.1042  303.6209
    28   0.5500  8.1023E+18  1.6204E-07   -2.1887    0.4067    0.1005  303.6868
    29   0.5700  8.1472E+18  1.6294E-07   -0.8397   -0.1402    0.0031  304.1636
    30   0.5900  8.0830E+18  1.6166E-07    2.3782   -1.0984    0.7494  304.1212
    31   0.6100  8.0997E+18  1.6199E-07   -0.7712   -0.2459    6.7740  305.7769
    32   0.6300  8.1197E+18  1.6239E-07    4.2671   -1.4781    0.1696  304.3605
    33   0.6500  8.0675E+18  1.6135E-07    0.4805    1.0360   -0.0597  304.2614
    34   0.6700  8.0488E+18  1.6097E-07   -3.2728    5.8473    0.4390  304.5700
    35   0.6900  8.1250E+18  1.6250E-07    4.1985   -2.5505   -2.1328  303.8756
    36   0.7100  8.0572E+18  1.6114E-07    0.1929    1.2007    3.7762  306.8821
    37   0.7300  7.9812E+18  1.5963E-07    0.4088   -0.4782   -6.9343  302.3109
    38   0.7500  7.9668E+18  1.5934E-07   -1.2182    0.9209   -2.1160  304.0506
    39   0.7700  7.9345E+18  1.5869E-07   -1.7576    6.7886   -0.3938  304.4252
    40   0.7900  8.0087E+18  1.6017E-07   -0.4104    1.8954   -2.2384  302.6033
    41   0.8100  8.0862E+18  1.6172E-07   -2.1278    1.8751   -3.1432  304.1836
    42   0.8300  7.9882E+18  1.5976E-07    2.6469    0.0588   -4.8582  303.5772
    43   0.8500  8.1110E+18  1.6222E-07   -0.4808   -1.0000    2.2557  307.7081
    44   0.8700  8.0312E+18  1.6062E-07   -0.3279    3.1921   -6.8140  305.5460
    45   0.8900  7.9628E+18  1.5925E-07   -3.3196   -3.7685   -6.1633  304.8284
    46   0.9100  7.8895E+18  1.5779E-07    1.8850    1.1616   -0.2826  302.2007
    47   0.9300  7.8520E+18  1.5704E-07   -0.8190   -1.6282   -0.7350  305.9030
    48   0.9500  7.9103E+18  1.5820E-07   -0.9861   -2.8798   -3.6268  304.1570
    49   0.9700  7.8722E+18  1.5745E-07   -3.0538    1.4068    0.3615  301.9525
    50   0.9900  7.9245E+18  1.5849E-07    4.0354    2.3381    1.2339  301.9230

  SPECIES  5
  CELL   X COORD      N DENS     DENSITY U DIF VEL V DIF VEL W DIF VEL      TEMP 
     1   0.0100  1.7822E+18  7.1290E-08    1.3638    0.5886    3.1690  307.5732
     2   0.0300  1.8450E+18  7.3800E-08    1.6909   -5.9408    2.9183  306.8580
     3   0.0500  1.8223E+18  7.2890E-08   -7.9359   -1.9371    0.6238  300.0154
     4   0.0700  1.8470E+18  7.3880E-08    3.5081    0.4046   -1.3090  301.5945
     5   0.0900  1.8135E+18  7.2540E-08    6.1971   -4.5847    4.9830  303.9026
     6   0.1100  1.8105E+18  7.2420E-08    0.4165   -1.5405    7.0958  305.2987
     7   0.1300  1.8287E+18  7.3150E-08   -7.5626    1.3386   -3.9050  306.6896
     8   0.1500  1.8195E+18  7.2780E-08    1.0802   -4.8285    0.1116  301.9250
     9   0.1700  1.8297E+18  7.3190E-08    2.3903   -2.2194   -0.9852  307.0840
    10   0.1900  1.8280E+18  7.3120E-08   -0.9625   -2.7193   -0.0036  310.8452
    11   0.2100  1.8555E+18  7.4220E-08    1.7968    1.3763    2.4035  303.8764
    12   0.2300  1.8875E+18  7.5500E-08    5.2482    4.6670    6.7019  309.2319
    13   0.2500  1.8730E+18  7.4920E-08   -5.1465   -5.4428    0.8264  304.1967
    14   0.2700  1.8985E+18  7.5940E-08   -1.2950   -5.8194    1.1166  306.2040
    15   0.2900  1.9277E+18  7.7110E-08    0.3922    3.3014   -3.6261  303.7783
    16   0.3100  1.9325E+18  7.7300E-08   -0.5461   -2.1346   -3.4488  311.0979
    17   0.3300  1.9395E+18  7.7580E-08   -4.8624   -4.2304   -9.3544  304.4397
    18   0.3500  1.9845E+18  7.9380E-08    3.8649   -3.2184   -2.4893  308.3152
    19   0.3700  1.9990E+18  7.9960E-08    3.1433   -0.2594   -1.6327  302.7632
    20   0.3900  1.9707E+18  7.8830E-08   -6.7307   -6.8066   -6.6218  301.2836
    21   0.4100  2.0118E+18  8.0470E-08    1.8447   -1.1996   -5.6332  305.6197
    22   0.4300  1.9747E+18  7.8990E-08   -2.0130    6.2925    1.6471  302.6531
    23   0.4500  1.9695E+18  7.8780E-08    0.1774    4.5660    3.2521  302.2238
    24   0.4700  2.0093E+18  8.0370E-08   -1.4276    1.5554   -3.5510  308.2137
    25   0.4900  2.0230E+18  8.0920E-08    3.3200   -0.8319   -3.4636  303.8919
    26   0.5100  2.0240E+18  8.0960E-08   -4.4709   -2.8526   -2.3259  300.5663
    27   0.5300  2.0670E+18  8.2680E-08    1.2408    3.9776    4.0369  306.0364
    28   0.5500  2.0975E+18  8.3900E-08    0.6760   -1.2232    3.7301  304.5144
    29   0.5700  2.1238E+18  8.4950E-08   -2.8776    4.2646   -2.7809  302.1656
    30   0.5900  2.0657E+18  8.2630E-08   -3.4595    4.2351    0.3189  304.8224
    31   0.6100  2.0727E+18  8.2910E-08    0.7147   -5.5805    5.2145  302.8569
    32   0.6300  2.0315E+18  8.1260E-08   -5.0725    3.0701   -2.8088  306.5862
    33   0.6500  2.0068E+18  8.0270E-08   -1.6390   -2.6682   -1.3789  305.5675
    34   0.6700  1.9883E+18  7.9530E-08    1.5937    3.1185    3.0012  303.6011
    35   0.6900  2.0545E+18  8.2180E-08    1.3440    0.4047   -1.6241  303.7444
    36   0.7100  2.0548E+18  8.2190E-08   -2.2377   -3.2760    1.1863  306.6632
    37   0.7300  2.0823E+18  8.3290E-08   -1.2127    5.7659    3.1477  304.2858
    38   0.7500  2.1455E+18  8.5820E-08   -1.8362   -1.0598    0.5360  306.3585
    39   0.7700  2.1147E+18  8.4590E-08    4.6428   -4.8490    3.1552  298.3562
    40   0.7900  2.1550E+18  8.6200E-08    4.4023   -1.7972   -0.5606  301.2166
    41   0.8100  2.2370E+18  8.9480E-08   -2.3535   -4.7655    1.5844  301.0915
    42   0.8300  2.1557E+18  8.6230E-08   -2.0161    1.8874    1.9422  299.6580
    43   0.8500  2.1733E+18  8.6930E-08    1.6007   -3.6799    6.2710  304.3049
    44   0.8700  2.0593E+18  8.2370E-08   -1.7544   -9.2148    4.0049  301.7587
    45   0.8900  2.1003E+18  8.4010E-08    3.8629    1.8879    5.0134  307.0452
    46   0.9100  2.1505E+18  8.6020E-08   -0.2067   -3.5929    4.9506  306.6364
    47   0.9300  2.1082E+18  8.4330E-08   -0.6197   -2.4301   -2.4539  303.9919
    48   0.9500  2.1470E+18  8.5880E-08   -1.6096    0.6520   -0.5338  297.5953
    49   0.9700  2.1625E+18  8.6500E-08   -1.6711    0.1266    4.7601  303.4025
    50   0.9900  2.1390E+18  8.5560E-08    1.2000    7.0353   -0.5989  303.3737

  AVERAGE TEMPERATURE   304.158112

  COLLISIONS:-
   17633570.    6942742.    3109295.    2690434.     716643.
    6942742.    2685244.    1220862.    1053511.     279321.
    3109295.    1220862.     505602.     430802.     124565.
    2690434.    1053511.     430802.     360802.     107069.
     716643.     279321.     124565.     107069.      27108.

  RATIO OF COLLISION NUMBER TO THEORETICAL VALUE

  0.999257  1.000742  1.001091  1.002469  1.000595
  1.000742  0.994719  0.998466  0.999661  1.003820
  1.001091  0.998466  0.992720  0.996849  0.996733
  1.002469  0.999661  0.996849  0.990038  0.996971
  1.000595  1.003820  0.996733  0.996971  0.946756
