  FROM ZERO TIME TO TIME  0.000399999903
  COLLISIONS:-
       3390.       1337.        622.        515.        125.
       1337.        502.        226.        210.         57.
        622.        226.        100.         85.         28.
        515.        210.         85.         74.         20.
        125.         57.         28.         20.          4.
  TOTAL NUMBER OF SAMPLES  4
 1000 MOLECULES
  16000. TOTAL MOLECULAR MOVES
 8165 SELECTIONS  5260 COLLISION EVENTS, RATIO    0.64421308
  MEAN COLLISION SEPARATION   0.000965292391
 SAMPLES
  CELL     N SP 1    N SP 2     ETC 
      1      59.      14.      10.       3.       4.
      2      51.      10.       8.       6.       3.
      3      35.      18.       8.       5.       1.
      4      48.      26.       7.      13.       0.
      5      39.      13.       8.       6.       0.
      6      54.      16.       5.       9.       0.
      7      38.      19.       6.       6.       0.
      8      40.      15.       4.       5.       0.
      9      58.      21.       8.       4.       2.
     10      45.      22.      13.       4.       1.
     11      51.      13.       6.       9.       3.
     12      60.      15.       8.      11.       0.
     13      58.      19.      14.       8.       5.
     14      46.      11.      13.       4.       1.
     15      52.      16.       8.       5.       2.
     16      62.      10.       8.       3.       0.
     17      42.      12.      11.       6.       2.
     18      46.      17.       7.       8.       2.
     19      44.      15.       6.       3.       1.
     20      43.      12.       7.      11.       3.
     21      43.      14.       5.       6.       2.
     22      45.      22.      11.       8.       0.
     23      50.      11.       7.       5.       3.
     24      48.      18.       6.       6.       2.
     25      50.      17.       5.       9.       3.
     26      47.      13.       6.       6.       2.
     27      51.      22.       4.       3.       1.
     28      51.      24.       6.       1.       1.
     29      54.      18.       9.       8.       0.
     30      40.      17.      11.       6.       0.
     31      53.       8.       9.       9.       0.
     32      47.      12.       7.      11.       2.
     33      52.      14.       7.       4.       3.
     34      47.      14.       8.       7.       0.
     35      54.      13.      10.       3.       3.
     36      43.      24.       4.       6.       1.
     37      45.      17.      10.      10.       2.
     38      47.      14.       6.       8.       1.
     39      32.      13.      12.       3.       4.
     40      39.      25.       6.       6.       1.
     41      38.      14.      10.       3.       0.
     42      32.      28.       8.       5.       2.
     43      50.      10.       7.       3.       1.
     44      52.      13.      10.       6.       2.
     45      52.      21.       8.      12.       1.
     46      48.      16.       6.       8.       4.
     47      55.      15.      10.       7.       1.
     48      43.      18.       5.      10.       4.
     49      58.      11.      12.      10.       2.
     50      63.      10.      10.       2.       2.
  FLOWFIELD PROPERTIES
   CELL   X COORD     DENSITY       U         V        W         TEMP
     1    0.0100  5.0625E-06  -14.1777   51.8546   -6.7639  279.1513
     2    0.0300  4.3000E-06  -21.0087   14.6112  -15.2628  313.4832
     3    0.0500  3.6250E-06    6.3221   65.0205  -29.4930  238.4579
     4    0.0700  5.0063E-06  -19.7134   54.6370   11.9858  272.2294
     5    0.0900  3.5688E-06  -22.5670   47.2392  -38.1904  265.1848
     6    0.1100  4.6562E-06  -64.6820  -17.5224    8.1036  294.9498
     7    0.1300  3.7813E-06   75.4724   53.6278  -23.9528  317.5258
     8    0.1500  3.5938E-06  -17.7374   41.7215  -96.2333  310.0618
     9    0.1700  5.2563E-06   -2.2722   -3.2668  -30.1738  256.2851
    10    0.1900  4.6063E-06   39.6849   -8.2957   60.4049  274.0768
    11    0.2100  4.4813E-06   16.4889   33.0532   33.3814  326.1045
    12    0.2300  5.1187E-06  -19.0375  -28.3941  -17.1931  271.9250
    13    0.2500  5.5813E-06   46.9742   13.4500   46.0915  268.8002
    14    0.2700  4.0500E-06  -29.9825   17.3410   93.7039  300.8900
    15    0.2900  4.6250E-06    3.1007    5.0559   27.3956  291.3742
    16    0.3100  4.7625E-06  -13.2139    8.2597   15.5797  292.8000
    17    0.3300  3.8938E-06  -39.6208   33.3498   38.4388  296.8869
    18    0.3500  4.3500E-06  -33.2466   -2.9939   39.3304  290.5489
    19    0.3700  3.9063E-06  -26.8990   33.4027   73.1272  293.2811
    20    0.3900  4.0063E-06  -33.8388  -13.3495   39.6465  245.1643
    21    0.4100  3.8812E-06  -24.2102  -87.3879   33.3787  328.6981
    22    0.4300  4.5937E-06   -5.0126   24.8251   10.4819  290.0303
    23    0.4500  4.2375E-06  -36.1414  -29.6917  -37.9099  308.9606
    24    0.4700  4.4500E-06   13.4125  -34.3752   29.8425  247.3025
    25    0.4900  4.6125E-06  -20.0085  -22.9751    8.7362  303.8637
    26    0.5100  4.1062E-06  -44.5205  -32.9729   42.0604  341.1253
    27    0.5300  4.6750E-06  -14.3284  -16.4421    9.1504  291.1980
    28    0.5500  4.8000E-06  -15.2695  -24.7657  -54.4135  264.1155
    29    0.5700  4.8688E-06   -0.4975   25.0360  -41.9120  314.7704
    30    0.5900  3.9500E-06  -29.1294    9.1399  -65.8344  325.8556
    31    0.6100  4.2688E-06   43.6109   23.5599   16.0112  314.9261
    32    0.6300  4.2063E-06  -16.0195   -8.0400   54.6775  330.1755
    33    0.6500  4.5063E-06   33.4245    9.2668   96.9633  341.9011
    34    0.6700  4.1500E-06   -8.7320   94.2598  -24.3019  243.9128
    35    0.6900  4.6437E-06    0.9665  -51.3259   14.5447  305.7330
    36    0.7100  4.3625E-06   28.3359  -11.8406  -48.3357  253.8462
    37    0.7300  4.4313E-06   -1.9212  -14.1702   -7.5667  239.4814
    38    0.7500  4.1625E-06    0.0149  -54.7131   17.1493  287.7585
    39    0.7700  3.3813E-06  -14.9003  -54.8014  -29.1991  257.4660
    40    0.7900  4.2313E-06    3.3643   15.3832  -40.3663  337.3408
    41    0.8100  3.5500E-06  -13.9007  -72.9392 -110.2612  278.9736
    42    0.8300  4.0500E-06   19.3664   19.5607   22.6252  344.9991
    43    0.8500  4.0313E-06   18.4491  -61.3126  -63.5693  355.1729
    44    0.8700  4.5438E-06  -12.7574  -44.5380   22.1611  339.5628
    45    0.8900  5.0312E-06  -18.0635   22.8376   -5.6556  304.7831
    46    0.9100  4.4875E-06   -9.8442   31.2007   13.9839  379.5271
    47    0.9300  4.8187E-06   10.0994   22.2689    0.4526  333.6972
    48    0.9500  4.3063E-06   12.9264  -16.5281   20.4323  383.1127
    49    0.9700  4.9688E-06   16.7799  -77.0032  -35.9443  339.9179
    50    0.9900  4.9625E-06   52.0481  -60.5127   31.6487  311.4632


  SPECIES  1
  CELL   X COORD      N DENS     DENSITY U DIF VEL V DIF VEL W DIF VEL      TEMP 
     1   0.0100  7.3750E+19  3.6875E-06   16.6937   22.1351  -60.5109  278.1671
     2   0.0300  6.3750E+19  3.1875E-06   20.7729  -16.0070   -0.9811  291.1483
     3   0.0500  4.3750E+19  2.1875E-06   16.3638  -35.5681  -12.3119  250.5265
     4   0.0700  6.0000E+19  3.0000E-06  -17.1430  -24.3787  -42.8865  363.1065
     5   0.0900  4.8750E+19  2.4375E-06   21.4527    7.1205   27.5925  255.7679
     6   0.1100  6.7500E+19  3.3750E-06    4.6319    3.6483  -11.2634  262.5141
     7   0.1300  4.7500E+19  2.3750E-06  -35.4245   -8.2593   23.8206  359.3345
     8   0.1500  5.0000E+19  2.5000E-06   41.2991  -36.6597   -2.9593  270.7205
     9   0.1700  7.2500E+19  3.6250E-06   14.3563  -12.1221  -15.3541  234.4428
    10   0.1900  5.6250E+19  2.8125E-06   16.5991   20.0862   -4.9875  280.6723
    11   0.2100  6.3750E+19  3.1875E-06   10.4631    0.4705   -3.8195  319.2736
    12   0.2300  7.5000E+19  3.7500E-06   11.0671  -10.7927    1.0142  257.4707
    13   0.2500  7.2500E+19  3.6250E-06    6.6357   22.1660  -13.7545  240.7123
    14   0.2700  5.7500E+19  2.8750E-06    9.9573   18.7716  -11.7598  321.2729
    15   0.2900  6.5000E+19  3.2500E-06   15.2185   10.0594   -1.1950  282.4705
    16   0.3100  7.7500E+19  3.8750E-06   -8.1173    7.2196  -10.8214  288.5768
    17   0.3300  5.2500E+19  2.6250E-06  -31.6874    1.9470  -15.5206  295.1464
    18   0.3500  5.7500E+19  2.8750E-06  -22.3572   -9.4297    2.5677  286.5810
    19   0.3700  5.5000E+19  2.7500E-06  -11.4569    8.8307   51.0175  271.3405
    20   0.3900  5.3750E+19  2.6875E-06  -13.6237   24.6042  -17.6658  268.1905
    21   0.4100  5.3750E+19  2.6875E-06  -18.0077  -25.8896   41.1971  365.2820
    22   0.4300  5.6250E+19  2.8125E-06   -3.0849   -6.7895   21.9113  264.9578
    23   0.4500  6.2500E+19  3.1250E-06  -13.7418   18.3405   17.6650  349.9029
    24   0.4700  6.0000E+19  3.0000E-06   13.9642    1.0343   10.7887  239.3345
    25   0.4900  6.2500E+19  3.1250E-06   -0.0887   42.4250  -35.9985  307.2462
    26   0.5100  5.8750E+19  2.9375E-06  -27.1767    1.2974   16.5101  352.2506
    27   0.5300  6.3750E+19  3.1875E-06   -1.7276  -37.8691  -67.3603  296.4662
    28   0.5500  6.3750E+19  3.1875E-06  -14.2624  -35.0247    4.3181  257.0907
    29   0.5700  6.7500E+19  3.3750E-06   -1.4722   15.7067  -32.2385  363.3354
    30   0.5900  5.0000E+19  2.5000E-06  -13.8108   -4.0620   10.5956  286.2688
    31   0.6100  6.6250E+19  3.3125E-06  -29.4568   10.9734   -5.7815  343.6265
    32   0.6300  5.8750E+19  2.9375E-06    4.2816  -12.9517   -5.8339  363.2729
    33   0.6500  6.5000E+19  3.2500E-06  -26.2543  -14.0171   -5.4353  334.5482
    34   0.6700  5.8750E+19  2.9375E-06  -56.7303   11.7996    7.4595  230.3154
    35   0.6900  6.7500E+19  3.3750E-06   -7.0514   18.2138  -42.3703  286.5965
    36   0.7100  5.3750E+19  2.6875E-06   14.1164   -1.1164   35.7909  228.4525
    37   0.7300  5.6250E+19  2.8125E-06  -15.1606  -23.6229    2.6463  219.8937
    38   0.7500  5.8750E+19  2.9375E-06   -4.5253   24.4112   33.3845  257.7679
    39   0.7700  4.0000E+19  2.0000E-06   -4.0457   32.8126   13.0158  236.2920
    40   0.7900  4.8750E+19  2.4375E-06   -3.5404  -26.7549  -10.0829  329.3582
    41   0.8100  4.7500E+19  2.3750E-06    4.8493    4.3423   -6.4718  264.8560
    42   0.8300  4.0000E+19  2.0000E-06   20.9065  -28.0348   23.0399  380.7001
    43   0.8500  6.2500E+19  3.1250E-06   12.8695   -4.1947   14.7296  296.8012
    44   0.8700  6.5000E+19  3.2500E-06  -28.2479   -8.3793   -4.5570  345.2542
    45   0.8900  6.5000E+19  3.2500E-06   18.2194  -48.0550  -13.0165  321.6086
    46   0.9100  6.0000E+19  3.0000E-06   -1.7962  -18.5877  -24.7139  396.6923
    47   0.9300  6.8750E+19  3.4375E-06   38.2436  -28.1091   -7.7409  327.3332
    48   0.9500  5.3750E+19  2.6875E-06   49.8625   31.0384   61.2488  384.7596
    49   0.9700  7.2500E+19  3.6250E-06   17.8969   16.9710  -16.2092  358.8605
    50   0.9900  7.8750E+19  3.9375E-06   40.1529    9.7061    0.9801  290.6565

  SPECIES  2
  CELL   X COORD      N DENS     DENSITY U DIF VEL V DIF VEL W DIF VEL      TEMP 
     1   0.0100  1.7500E+19  7.8750E-07   28.7959  -39.4683   77.3490  214.0318
     2   0.0300  1.2500E+19  5.6250E-07  -58.1463   74.5816   48.4117  420.5928
     3   0.0500  2.2500E+19  1.0125E-06   12.3014   45.5090  -11.9515  246.4430
     4   0.0700  3.2500E+19  1.4625E-06   44.7207   27.2197   37.4036  199.6008
     5   0.0900  1.6250E+19  7.3125E-07   90.5991  -54.1740  -83.9806  213.4448
     6   0.1100  2.0000E+19  9.0000E-07   18.4729   31.3678   19.3587  370.5121
     7   0.1300  2.3750E+19  1.0688E-06   85.1557    8.1689  -36.4067  271.9209
     8   0.1500  1.8750E+19  8.4375E-07 -106.8143  107.5965   74.0788  292.1445
     9   0.1700  2.6250E+19  1.1813E-06  -58.8492   38.3488   81.2726  312.5813
    10   0.1900  2.7500E+19  1.2375E-06    7.1167    9.4997    0.6809  246.7938
    11   0.2100  1.6250E+19  7.3125E-07  -67.3283  -88.0298   79.8741  245.3486
    12   0.2300  1.8750E+19  8.4375E-07  -79.0679  -67.2186   44.3447  265.2370
    13   0.2500  2.3750E+19  1.0688E-06   26.8177 -101.6172  -14.2592  307.4484
    14   0.2700  1.3750E+19  6.1875E-07  -63.8683  -48.2718   41.6792  287.0693
    15   0.2900  2.0000E+19  9.0000E-07  -71.5952 -126.7040  -69.9918  263.1781
    16   0.3100  1.2500E+19  5.6250E-07   73.8064   23.3916   25.3001  365.3833
    17   0.3300  1.5000E+19  6.7500E-07    7.2522    8.0891   -9.3603  225.3350
    18   0.3500  2.1250E+19  9.5625E-07   44.5605    1.5750   -3.6442  278.8854
    19   0.3700  1.8750E+19  8.4375E-07   20.0341  -59.1703  -90.3267  239.3528
    20   0.3900  1.5000E+19  6.7500E-07  -25.5873  -79.9968   56.5125  220.9308
    21   0.4100  1.7500E+19  7.8750E-07  122.6066   59.4251 -106.1147  164.8615
    22   0.4300  2.7500E+19  1.2375E-06  -20.7080   -5.7781  -25.4046  366.4095
    23   0.4500  1.3750E+19  6.1875E-07  117.7954 -103.1555  -33.5724  170.3238
    24   0.4700  2.2500E+19  1.0125E-06   -6.7863    8.0354  -15.1343  267.2650
    25   0.4900  2.1250E+19  9.5625E-07   60.7577 -159.8282  128.4280  254.8141
    26   0.5100  1.6250E+19  7.3125E-07  152.1316   -6.8369  -12.8803  209.9590
    27   0.5300  2.7500E+19  1.2375E-06    0.2314   99.5907  166.0239  255.1454
    28   0.5500  3.0000E+19  1.3500E-06   -7.1771   81.8296  -19.6063  229.4964
    29   0.5700  2.2500E+19  1.0125E-06  -44.3505  -18.6580   74.9201  220.2320
    30   0.5900  2.1250E+19  9.5625E-07   -1.1052 -101.4769  -37.5772  304.3005
    31   0.6100  1.0000E+19  4.5000E-07  132.6689  -59.5583  -15.1323  290.7691
    32   0.6300  1.5000E+19  6.7500E-07  -38.3936   24.1237  -66.8754  288.6482
    33   0.6500  1.7500E+19  7.8750E-07  -51.5562    9.4934  127.1428  291.4407
    34   0.6700  1.7500E+19  7.8750E-07  172.8271  -60.6220  -34.5806  260.5403
    35   0.6900  1.6250E+19  7.3125E-07  -28.0806   57.2257  -37.5226  306.2251
    36   0.7100  3.0000E+19  1.3500E-06  -12.1081   12.6339  -95.0292  258.2750
    37   0.7300  2.1250E+19  9.5625E-07   11.1407   42.5627  -28.4331  226.6424
    38   0.7500  1.7500E+19  7.8750E-07    8.2609  -25.4266  -76.8961  310.3077
    39   0.7700  1.6250E+19  7.3125E-07   -8.9808   -8.2871  -28.6486  344.8875
    40   0.7900  3.1250E+19  1.4063E-06  -40.5689   61.8544   14.2711  294.2345
    41   0.8100  1.7500E+19  7.8750E-07  -91.2106 -106.4234   -2.3316  233.6351
    42   0.8300  3.5000E+19  1.5750E-06  -68.2073   84.3512   31.2888  289.9283
    43   0.8500  1.2500E+19  5.6250E-07 -133.4091   40.8358   13.8790  535.1953
    44   0.8700  1.6250E+19  7.3125E-07  -22.9305  124.8355  -16.4965  379.6857
    45   0.8900  2.6250E+19  1.1813E-06  -63.1695   26.2490   33.9733  271.6265
    46   0.9100  2.0000E+19  9.0000E-07   29.6894   90.0428  123.9300  357.2163
    47   0.9300  1.8750E+19  8.4375E-07 -102.9466  -24.3605   25.6174  282.2279
    48   0.9500  2.2500E+19  1.0125E-06  -92.6466 -176.5732 -137.4339  281.0367
    49   0.9700  1.3750E+19  6.1875E-07  -81.3726  -69.3147   -8.7965  317.5694
    50   0.9900  1.2500E+19  5.6250E-07 -199.8442   -9.3721 -174.3601  280.3203

  SPECIES  3
  CELL   X COORD      N DENS     DENSITY U DIF VEL V DIF VEL W DIF VEL      TEMP 
     1   0.0100  1.2500E+19  3.1250E-07 -120.9660 -248.9363  302.5528  159.9387
     2   0.0300  1.0000E+19  2.5000E-07   22.1531  -22.2141  -55.5863  245.4469
     3   0.0500  1.0000E+19  2.5000E-07 -165.7336  121.1343   90.4583  128.7419
     4   0.0700  8.7500E+18  2.1875E-07  -18.1251  130.1651  312.4495  126.8636
     5   0.0900  1.0000E+19  2.5000E-07 -286.7722   -1.8572 -137.7751  228.0007
     6   0.1100  6.2500E+18  1.5625E-07 -150.1889 -130.1560  273.8788  252.7752
     7   0.1300  7.5000E+18  1.8750E-07 -163.3477   59.4802   12.6983  234.1941
     8   0.1500  5.0000E+18  1.2500E-07   15.3480   35.9367 -331.7166  390.3687
     9   0.1700  1.0000E+19  2.5000E-07   82.9921   90.0725  -89.6533  237.8125
    10   0.1900  1.6250E+19  4.0625E-07 -187.6931 -118.9240 -159.2178  189.5143
    11   0.2100  7.5000E+18  1.8750E-07   34.6486 -162.0100   12.3539  263.9416
    12   0.2300  1.0000E+19  2.5000E-07  -15.3036  125.3743  -74.6717  315.7054
    13   0.2500  1.7500E+19  4.3750E-07  -92.5418    0.8285  200.1883  307.5009
    14   0.2700  1.6250E+19  4.0625E-07   69.7440  -68.6569   81.5730  242.8136
    15   0.2900  1.0000E+19  2.5000E-07   -4.5227   69.0380  145.6440  198.7505
    16   0.3100  1.0000E+19  2.5000E-07   -7.5429 -179.5482  -21.4192  224.3942
    17   0.3300  1.3750E+19  3.4375E-07  127.0392  -30.7560  149.9757  339.6788
    18   0.3500  8.7500E+18  2.1875E-07 -198.3121   19.4809  -63.2473  257.1087
    19   0.3700  7.5000E+18  1.8750E-07  161.7019  209.5215  -78.3020  338.4997
    20   0.3900  8.7500E+18  2.1875E-07  237.6971   -1.1166   95.6907  177.4554
    21   0.4100  6.2500E+18  1.5625E-07 -127.4093   -3.7539 -111.7298  163.7667
    22   0.4300  1.3750E+19  3.4375E-07   73.9147  -29.6759   51.1578  230.9149
    23   0.4500  8.7500E+18  2.1875E-07 -119.4400 -118.2363  110.5913  183.5784
    24   0.4700  7.5000E+18  1.8750E-07   31.8890  -85.5632  232.5515  241.7111
    25   0.4900  6.2500E+18  1.5625E-07  -57.2845   25.9082  200.0182  376.9099
    26   0.5100  7.5000E+18  1.8750E-07 -402.3594   22.2259  -39.3273  234.6476
    27   0.5300  5.0000E+18  1.2500E-07  325.5641  187.9489  -86.3336  121.3202
    28   0.5500  7.5000E+18  1.8750E-07  164.5397   61.0983   65.2499  298.5217
    29   0.5700  1.1250E+19  2.8125E-07   68.2412  -85.0644   26.6781  206.9971
    30   0.5900  1.3750E+19  3.4375E-07   66.3233  228.4791  -29.9345  355.3797
    31   0.6100  1.1250E+19  2.8125E-07  118.3716  -33.6951    2.8335  261.5502
    32   0.6300  8.7500E+18  2.1875E-07   76.3223 -111.1051  -26.5897  203.3743
    33   0.6500  8.7500E+18  2.1875E-07  338.5359   12.1726  -99.2956  408.8245
    34   0.6700  1.0000E+19  2.5000E-07   88.7446 -172.2118   98.0375  244.9630
    35   0.6900  1.2500E+19  3.1250E-07   26.7069 -103.2650  184.1483  265.6885
    36   0.7100  5.0000E+18  1.2500E-07   62.2786   38.7025 -108.7395  239.0099
    37   0.7300  1.2500E+19  3.1250E-07  -24.6166   49.2471   44.5418  274.4899
    38   0.7500  7.5000E+18  1.8750E-07  -40.9486 -350.8152  -68.3869  409.4835
    39   0.7700  1.5000E+19  3.7500E-07   75.8392  -36.6686  -14.6127  232.5218
    40   0.7900  7.5000E+18  1.8750E-07   53.1417  101.9349   75.3053  358.9227
    41   0.8100  1.2500E+19  3.1250E-07  253.4563  333.4432   81.5413  252.4388
    42   0.8300  1.0000E+19  2.5000E-07   62.1610  -54.2610 -314.7041  309.9670
    43   0.8500  8.7500E+18  2.1875E-07   70.6567  159.3384  -30.0624  290.0780
    44   0.8700  1.2500E+19  3.1250E-07  134.5889 -152.4662  -56.8914  315.1421
    45   0.8900  1.0000E+19  2.5000E-07  140.2263  332.6803  158.7005  186.3773
    46   0.9100  7.5000E+18  1.8750E-07  -13.6536 -101.9930  166.7738  186.2054
    47   0.9300  1.2500E+19  3.1250E-07  -14.7985  469.2927  -24.8306  173.6391
    48   0.9500  6.2500E+18  1.5625E-07   43.8437  174.4166  182.3827  653.9400
    49   0.9700  1.5000E+19  3.7500E-07  -48.4923  101.9658   39.0192  308.0014
    50   0.9900  1.2500E+19  3.1250E-07  -86.9138   -5.5856  243.4899  356.1276

  SPECIES  4
  CELL   X COORD      N DENS     DENSITY U DIF VEL V DIF VEL W DIF VEL      TEMP 
     1   0.0100  3.7500E+18  7.5000E-08 -683.2221  -73.1981 -271.8401  222.3730
     2   0.0300  7.5000E+18  1.5000E-07   -1.5421  226.0335 -342.4120  282.0887
     3   0.0500  6.2500E+18  1.2500E-07   13.5261   57.7945  -93.2245  201.4259
     4   0.0700  1.6250E+19  3.2500E-07  -30.8002   14.9343   17.2567  101.0084
     5   0.0900  7.5000E+18  1.5000E-07 -312.3239  151.4853  190.6523  278.0591
     6   0.1100  1.1250E+19  2.2500E-07  -39.0725  -89.8099  -98.6774  326.4752
     7   0.1300  7.5000E+18  1.5000E-07  158.3380   -1.7806 -133.6356  197.2211
     8   0.1500  6.2500E+18  1.2500E-07 -120.3333  -29.0184 -109.1300  424.9319
     9   0.1700  5.0000E+18  1.0000E-07  239.0733   -5.9989 -137.0903  211.1780
    10   0.1900  5.0000E+18  1.0000E-07  341.1440 -223.5874  580.8396  237.4551
    11   0.2100  1.1250E+19  2.2500E-07  -89.8633  206.0952  -24.1682  403.4068
    12   0.2300  1.3750E+19  2.7500E-07  105.5923  239.4353  -82.0041  261.8307
    13   0.2500  1.0000E+19  2.0000E-07  -31.0395   75.5810   24.4189  166.3730
    14   0.2700  5.0000E+18  1.0000E-07  -12.1294  126.2017 -223.4880  238.5079
    15   0.2900  6.2500E+18  1.2500E-07 -206.6804  300.7370  200.7413  409.5231
    16   0.3100  3.7500E+18  7.5000E-08 -109.0092   50.0447  440.7516  137.1850
    17   0.3300  7.5000E+18  1.5000E-07   12.4361 -158.5886  -13.8733  324.2056
    18   0.3500  1.0000E+19  2.0000E-07  171.8849   80.0791 -155.9659  299.2336
    19   0.3700  3.7500E+18  7.5000E-08   23.5793  178.2851 -782.6953  228.8446
    20   0.3900  1.3750E+19  2.7500E-07   26.4883  -40.8784  -86.5267  239.6640
    21   0.4100  7.5000E+18  1.5000E-07 -203.4004  206.2917   -6.0296  499.0750
    22   0.4300  1.0000E+19  2.0000E-07   44.4712  182.2357 -238.8645  243.3773
    23   0.4500  6.2500E+18  1.2500E-07   -2.6597   32.7381   -4.9524  155.0686
    24   0.4700  7.5000E+18  1.5000E-07 -167.5512   54.7347 -134.5290  210.7606
    25   0.4900  1.1250E+19  2.2500E-07 -155.0361  139.6865 -200.9752  204.2146
    26   0.5100  7.5000E+18  1.5000E-07  219.8096   40.2881  -75.1937  529.5052
    27   0.5300  3.7500E+18  7.5000E-08 -198.4140 -279.4610  231.5967  107.1407
    28   0.5500  1.2500E+18  2.5000E-08 -503.5553 -113.5409 -766.8620    0.0005
    29   0.5700  1.0000E+19  2.0000E-07  153.4035  -50.9734  127.2263  262.0418
    30   0.5900  7.5000E+18  1.5000E-07   85.2344  191.0162  131.5619  464.9789
    31   0.6100  1.1250E+19  2.2500E-07   20.3668   -0.3172  111.8390  177.4654
    32   0.6300  1.3750E+19  2.7500E-07   -9.2332  127.7655  323.3463  279.9738
    33   0.6500  5.0000E+18  1.0000E-07  303.0035  218.4976 -115.3922  135.0904
    34   0.6700  8.7500E+18  1.7500E-07   47.7577  320.7519 -109.6538  108.4911
    35   0.6900  3.7500E+18  7.5000E-08  671.5624 -269.4626  231.3473   96.4100
    36   0.7100  7.5000E+18  1.5000E-07 -231.1020 -241.2912  254.7189  300.0879
    37   0.7300  1.2500E+19  2.5000E-07   53.3121   66.1720   97.6107  268.6528
    38   0.7500  1.0000E+19  2.0000E-07   78.0314   72.5945  -42.8781  266.7186
    39   0.7700  3.7500E+18  7.5000E-08 -273.0021   78.8204  -78.0078  180.0520
    40   0.7900  7.5000E+18  1.5000E-07  239.4286 -423.2909 -111.8051  378.1659
    41   0.8100  3.7500E+18  7.5000E-08 -251.9173 -409.4053 -110.3348  173.1084
    42   0.8300  6.2500E+18  1.2500E-07  294.8561 -287.6398 -202.0892  214.1441
    43   0.8500  3.7500E+18  7.5000E-08  116.2259 -640.4238 -536.9642  508.8130
    44   0.8700  7.5000E+18  1.5000E-07  149.1755  -39.5425   20.4800  102.7905
    45   0.8900  1.5000E+19  3.0000E-07  -27.5735  152.4094  -61.3493  276.0979
    46   0.9100  1.0000E+19  2.0000E-07 -115.0380   62.8002 -196.4749  293.8328
    47   0.9300  8.7500E+18  1.7500E-07 -296.6296  -90.9350  166.6447  437.4125
    48   0.9500  1.2500E+19  2.5000E-07 -195.3811  262.4253 -168.4369  291.4138
    49   0.9700  1.2500E+19  2.5000E-07   10.1769  -97.9343  155.0717  275.2737
    50   0.9900  2.5000E+18  5.0000E-08   98.2563   62.3981  -23.9606  305.0537

  SPECIES  5
  CELL   X COORD      N DENS     DENSITY U DIF VEL V DIF VEL W DIF VEL      TEMP 
     1   0.0100  5.0000E+18  2.0000E-07   24.0446  163.7032  440.3088   86.3311
     2   0.0300  3.7500E+18  1.5000E-07 -258.7551 -128.5415  274.3607  202.9039
     3   0.0500  1.2500E+18  5.0000E-08 -170.1649 -115.6117  561.4352    0.0003
     4   0.0700  1.2500E+12  5.0000E-14   19.7134  -54.6370  -11.9858    0.0000
     5   0.0900  1.2500E+12  5.0000E-14   22.5670  -47.2392   38.1904    0.0000
     6   0.1100  1.2500E+12  5.0000E-14   64.6820   17.5224   -8.1036    0.0000
     7   0.1300  1.2500E+12  5.0000E-14  -75.4724  -53.6278   23.9528    0.0000
     8   0.1500  1.2500E+12  5.0000E-14   17.7374  -41.7215   96.2333    0.0000
     9   0.1700  2.5000E+18  1.0000E-07 -271.8133 -232.7499  -42.2215   56.0511
    10   0.1900  1.2500E+18  5.0000E-08 -267.1213   48.4653  395.6560    0.0003
    11   0.2100  3.7500E+18  1.5000E-07  197.3691  312.5175 -287.4124  275.0577
    12   0.2300  1.2500E+12  5.0000E-14   19.0375   28.3941   17.1931    0.0000
    13   0.2500  6.2500E+18  2.5000E-07  -24.0827   51.0923 -109.4659  344.2124
    14   0.2700  1.2500E+18  5.0000E-08 -324.5853 -176.5706  -55.3963    0.0002
    15   0.2900  2.5000E+18  1.0000E-07  419.4110  264.8881   53.7281   73.7938
    16   0.3100  1.2500E+12  5.0000E-14   13.2139   -8.2597  -15.5797    0.0000
    17   0.3300  2.5000E+18  1.0000E-07  327.4913  237.8965  -24.1335   85.3139
    18   0.3500  2.5000E+18  1.0000E-07  306.6967   53.2709  411.3095   62.4962
    19   0.3700  1.2500E+18  5.0000E-08 -349.6985 -540.3226  185.9767    0.0005
    20   0.3900  3.7500E+18  1.5000E-07  -35.9695   -4.2673   81.2892    9.0095
    21   0.4100  2.5000E+18  1.0000E-07   22.6082  -75.7626  -87.8965  115.0200
    22   0.4300  1.2500E+12  5.0000E-14    5.0126  -24.8251  -10.4819    0.0000
    23   0.4500  3.7500E+18  1.5000E-07  -23.2186  188.5698 -386.6870  327.7996
    24   0.4700  2.5000E+18  1.0000E-07 -158.6805  -34.0576 -404.6676    5.0570
    25   0.4900  3.7500E+18  1.5000E-07  -93.2565 -101.4661   24.3514  174.0665
    26   0.5100  2.5000E+18  1.0000E-07  110.5628  -90.2210 -204.2690   55.5224
    27   0.5300  1.2500E+18  5.0000E-08 -411.8810 -101.3953   53.5675    0.0002
    28   0.5500  1.2500E+18  5.0000E-08  737.7647 -148.9230  392.8394    0.0007
    29   0.5700  1.2500E+12  5.0000E-14    0.4975  -25.0360   41.9120    0.0000
    30   0.5900  1.2500E+12  5.0000E-14   29.1294   -9.1399   65.8344    0.0000
    31   0.6100  1.2500E+12  5.0000E-14  -43.6109  -23.5599  -16.0112    0.0000
    32   0.6300  2.5000E+18  1.0000E-07   -8.1796  109.3084 -208.2574   58.0380
    33   0.6500  3.7500E+18  1.5000E-07  143.8120   90.4470 -328.0013  303.6688
    34   0.6700  1.2500E+12  5.0000E-14    8.7320  -94.2598   24.3019    0.0000
    35   0.6900  3.7500E+18  1.5000E-07  -95.8723 -338.9184  636.9387   36.3881
    36   0.7100  1.2500E+18  5.0000E-08  105.7720  346.0079  149.7163    0.0001
    37   0.7300  2.5000E+18  1.0000E-07  263.5062  -61.9383 -185.7548  261.8423
    38   0.7500  1.2500E+18  5.0000E-08  -22.8162   -8.5077 -322.2592    0.0001
    39   0.7700  5.0000E+18  2.0000E-07   33.4701 -258.6300   31.2398  148.7072
    40   0.7900  1.2500E+18  5.0000E-08  396.0263  452.2653  143.1879    0.0003
    41   0.8100  1.2500E+12  5.0000E-14   13.9007   72.9392  110.2612    0.0000
    42   0.8300  2.5000E+18  1.0000E-07  132.1623 -272.6321   85.7751  178.8279
    43   0.8500  1.2500E+18  5.0000E-08  213.0437   66.2947 -139.7673    0.0001
    44   0.8700  2.5000E+18  1.0000E-07  441.3815 -104.7626  415.7986   84.1940
    45   0.8900  1.2500E+18  5.0000E-08 -227.5733  -74.4177 -381.9555    0.0002
    46   0.9100  5.0000E+18  2.0000E-07   21.1784  -93.5586 -146.8517  486.0904
    47   0.9300  1.2500E+18  5.0000E-08  238.6718 -271.2213 -328.1712    0.0002
    48   0.9500  5.0000E+18  2.0000E-07    8.9690   12.5283  -59.2119  118.6779
    49   0.9700  2.5000E+18  1.0000E-07   11.1338 -323.8512  108.0094   83.1592
    50   0.9900  2.5000E+18  1.0000E-07 -234.4198 -343.2031  193.2593   46.6184

  AVERAGE TEMPERATURE   299.977051

  COLLISIONS:-
       3390.       1337.        622.        515.        125.
       1337.        502.        226.        210.         57.
        622.        226.        100.         85.         28.
        515.        210.         85.         74.         20.
        125.         57.         28.         20.          4.

  RATIO OF COLLISION NUMBER TO THEORETICAL VALUE

  0.964283  0.967365  1.005241  0.963216  0.876059
  0.967365  0.933444  0.927776  1.000233  1.028241
  1.005241  0.927776  0.985566  0.987276  1.124627
  0.963216  1.000233  0.987276  1.019254  0.934795
  0.876059  1.028241  1.124627  0.934795  0.701242
