 FROM ZERO TIME TO TIME 2.000000
 COLLISIONS:-
 17641762	  6941561	  3105652	  2683553	   717500	
  6941561	  2692212	  1224665	  1054237	   277452	
  3105652	  1224665	   505002	   432828	   125664	
  2683553	  1054237	   432828	   358914	   107301	
   717500	   277452	   125664	   107301	    27150	
 TOTAL NUMBER OF SAMPLES 20000
1000 MOLECULES
8.0E7 TOTAL MOLECULAR MOVES
60482992 SELECTIONS 27282933 COLLISION EVENTS, RATIO  0.4510843808785121
 MEAN COLLISION SEPARATION 9.756419456966231E-4
SAMPLES
 CELL     N SP 1    N SP 2     ETC 
     1	237826	 80833	 39460	 32480	  8144	
     2	238495	 80457	 39532	 32264	  8077	
     3	238209	 80402	 38978	 31720	  7934	
     4	239247	 80523	 39204	 31503	  8023	
     5	239054	 80521	 39221	 31995	  8159	
     6	238132	 80693	 38945	 31607	  7892	
     7	237568	 80635	 38983	 31753	  8248	
     8	238474	 80952	 39533	 32140	  8284	
     9	237678	 80434	 38778	 32364	  8019	
    10	238327	 80195	 39041	 32139	  8075	
    11	238655	 80369	 39162	 32077	  8302	
    12	238811	 80439	 38927	 32516	  8357	
    13	238357	 80886	 38733	 32577	  8212	
    14	238225	 79997	 39471	 32196	  8452	
    15	238035	 79512	 39180	 32380	  8401	
    16	238495	 79275	 39133	 32344	  8203	
    17	238922	 79751	 39627	 32042	  8206	
    18	239164	 79734	 39192	 32397	  8482	
    19	238483	 80025	 39384	 31962	  8364	
    20	238160	 79030	 40009	 31989	  8315	
    21	239839	 79414	 40248	 32101	  8134	
    22	239382	 78910	 39585	 32455	  8226	
    23	239024	 79298	 39691	 32400	  7949	
    24	239551	 79858	 39829	 32479	  7932	
    25	239471	 80084	 39878	 32171	  7945	
    26	241591	 79824	 39802	 32514	  7848	
    27	240748	 80001	 40068	 31930	  7676	
    28	240636	 79565	 40312	 31809	  8014	
    29	240538	 79655	 40597	 32172	  8064	
    30	240953	 79887	 40192	 31996	  7925	
    31	240758	 78999	 40265	 31673	  8215	
    32	241310	 79569	 40437	 31974	  8091	
    33	241681	 79364	 40703	 31673	  7889	
    34	241519	 79802	 40271	 31496	  7578	
    35	241674	 80225	 40307	 31707	  7826	
    36	240965	 80382	 40462	 31708	  7596	
    37	240573	 79844	 40529	 31693	  7705	
    38	241944	 80513	 40966	 31345	  7681	
    39	241258	 80498	 40745	 31818	  7849	
    40	240775	 80261	 40737	 31727	  7814	
    41	240555	 80083	 41224	 31787	  7721	
    42	240060	 79813	 41136	 31431	  7706	
    43	241491	 80095	 40935	 31959	  7681	
    44	241744	 80317	 40872	 31649	  7770	
    45	242100	 80019	 41037	 31562	  7728	
    46	242494	 79608	 41026	 31765	  7830	
    47	241939	 79852	 40675	 31510	  7915	
    48	243072	 80400	 40901	 32065	  8046	
    49	242062	 79846	 41062	 32306	  7783	
    50	241976	 79351	 41015	 32680	  7714	
 FLOWFIELD PROPERTIES
 CELL   X COORD     DENSITY       U         V        W         TEMP
     1    0.0100 4.373e-06   -0.0736   -1.5873    6.6063  305.4887
     2    0.0300 4.375e-06   -0.3799   -3.5105    5.6935  305.2761
     3    0.0500 4.364e-06    0.3665   -4.2065    5.8993  305.4593
     4    0.0700 4.379e-06   -0.1580   -3.9010    4.3196  304.7284
     5    0.0900 4.381e-06   -0.1937   -3.2713    4.8906  304.7094
     6    0.1100 4.365e-06    0.6202   -2.8788    5.2235  305.1834
     7    0.1300 4.362e-06   -0.6179   -3.5161    5.7310  305.1537
     8    0.1500 4.382e-06    0.0162   -2.1228    4.3031  304.7595
     9    0.1700 4.360e-06    0.0298   -1.6330    4.2270  304.8932
    10    0.1900 4.367e-06    0.5543   -2.9193    4.1037  305.3014
    11    0.2100 4.376e-06   -0.6174   -3.6026    4.4326  305.0723
    12    0.2300 4.380e-06    0.0499   -5.0125    3.7225  305.0384
    13    0.2500 4.377e-06    0.3443   -2.6651    2.8433  305.5588
    14    0.2700 4.370e-06   -0.3467   -2.7767    2.4038  305.3895
    15    0.2900 4.361e-06    0.1012   -2.4414    2.6985  305.2695
    16    0.3100 4.361e-06   -0.2775   -3.3216    2.3945  304.7295
    17    0.3300 4.374e-06    0.1604   -3.2457    2.8145  304.6913
    18    0.3500 4.378e-06   -0.0194   -2.9648    3.0428  305.1503
    19    0.3700 4.371e-06    0.2671   -4.1713    4.1175  306.1518
    20    0.3900 4.359e-06   -0.0540   -2.8936    4.5558  305.7374
    21    0.4100 4.385e-06   -0.4355   -3.1161    4.1192  305.1694
    22    0.4300 4.372e-06    0.1895   -2.2336    4.1998  305.0401
    23    0.4500 4.369e-06   -0.0683   -1.3814    3.9905  305.4767
    24    0.4700 4.383e-06    0.0783   -1.4307    5.4595  303.9010
    25    0.4900 4.384e-06   -0.3641   -0.8691    3.5142  303.9826
    26    0.5100 4.408e-06    0.3915   -0.9107    4.5101  303.3687
    27    0.5300 4.396e-06   -0.1067   -0.2667    4.5471  302.5921
    28    0.5500 4.394e-06    0.0346   -1.0191    3.3016  303.2523
    29    0.5700 4.398e-06   -0.0321   -1.2966    2.6534  303.0661
    30    0.5900 4.401e-06    0.3000   -1.5045    3.5943  302.6421
    31    0.6100 4.390e-06   -0.0275   -1.4427    3.9898  303.1628
    32    0.6300 4.405e-06   -0.8103   -1.7831    3.6854  303.2729
    33    0.6500 4.406e-06    0.9293    0.3519    2.9410  303.9887
    34    0.6700 4.402e-06   -0.3094   -0.8488    2.5728  302.8566
    35    0.6900 4.412e-06   -0.1571   -0.7838    4.4212  302.9584
    36    0.7100 4.404e-06   -0.3903   -1.4052    3.1573  303.9180
    37    0.7300 4.394e-06    0.4178   -0.8470    2.1517  302.9182
    38    0.7500 4.420e-06    0.2850   -1.0182    1.7461  302.7654
    39    0.7700 4.414e-06   -0.3667   -1.0370    1.4012  303.5236
    40    0.7900 4.404e-06    0.1371   -0.7502    1.7839  304.0367
    41    0.8100 4.402e-06   -0.3127   -0.6600    1.4103  304.1570
    42    0.8300 4.390e-06    0.3969   -0.3953    1.5320  304.3495
    43    0.8500 4.412e-06   -0.1367   -0.7806    1.1145  303.3582
    44    0.8700 4.417e-06   -0.1790    0.7084    0.6043  302.7506
    45    0.8900 4.418e-06    0.2633   -1.0203   -0.0009  302.5487
    46    0.9100 4.420e-06   -0.2769   -1.2443    0.1002  302.0907
    47    0.9300 4.413e-06    0.2665    0.8533   -0.4864  301.5771
    48    0.9500 4.439e-06   -0.2699    0.7242   -0.0527  302.5869
    49    0.9700 4.420e-06    0.1609    0.4190    0.0373  301.6098
    50    0.9900 4.414e-06    0.0838    0.4380    1.3623  302.6036


 SPECIES 1
 CELL   X COORD      N DENS     DENSITY U DIF VEL V DIF VEL W DIF VEL	TEMP 
     1    0.0100 5.946e+19 2.973e-06   -0.1895    0.3857    0.0795  305.2856
     2    0.0300 5.962e+19 2.981e-06   -0.1279   -0.1624    0.3951  305.7816
     3    0.0500 5.955e+19 2.978e-06   -0.0083   -0.0995   -0.0948  305.1031
     4    0.0700 5.981e+19 2.991e-06    0.3084    0.1839    0.4150  304.4736
     5    0.0900 5.976e+19 2.988e-06   -0.3365   -0.1331    0.1510  304.8630
     6    0.1100 5.953e+19 2.977e-06   -0.0884    0.6187    0.1047  305.3909
     7    0.1300 5.939e+19 2.970e-06    0.2250    0.0603   -0.0095  305.0811
     8    0.1500 5.962e+19 2.981e-06    0.2099   -0.3506   -0.2457  304.5144
     9    0.1700 5.942e+19 2.971e-06    0.1282   -0.2705   -0.5523  303.9825
    10    0.1900 5.958e+19 2.979e-06   -0.0726   -0.1458   -0.1471  304.1744
    11    0.2100 5.966e+19 2.983e-06    0.3403   -0.0719   -0.1662  304.5024
    12    0.2300 5.970e+19 2.985e-06   -0.0852    0.2529   -0.2535  304.8800
    13    0.2500 5.959e+19 2.979e-06   -0.3164    0.2304   -0.5086  305.5611
    14    0.2700 5.956e+19 2.978e-06   -0.3655    0.3317   -0.3586  305.7482
    15    0.2900 5.951e+19 2.975e-06   -0.0582    0.1500    0.1445  305.6291
    16    0.3100 5.962e+19 2.981e-06    0.0827   -0.1031    0.7390  304.9533
    17    0.3300 5.973e+19 2.987e-06   -0.1674    0.2219    0.3915  304.5260
    18    0.3500 5.979e+19 2.990e-06    0.3105    0.1208    0.3224  304.9295
    19    0.3700 5.962e+19 2.981e-06   -0.1130    0.3408   -0.2946  306.2595
    20    0.3900 5.954e+19 2.977e-06    0.0283   -0.7058    0.0301  305.4168
    21    0.4100 5.996e+19 2.998e-06    0.1448   -0.4495   -0.2819  304.8705
    22    0.4300 5.985e+19 2.992e-06   -0.3003   -0.5495    0.1492  305.3391
    23    0.4500 5.976e+19 2.988e-06    0.1986   -0.3261    0.0174  305.9852
    24    0.4700 5.989e+19 2.994e-06    0.0645   -0.0829   -0.1862  304.3940
    25    0.4900 5.987e+19 2.993e-06   -0.5420   -0.0209   -0.2555  304.1098
    26    0.5100 6.040e+19 3.020e-06    0.3462    0.4398   -0.2628  303.7194
    27    0.5300 6.019e+19 3.009e-06   -0.4291   -0.3189    0.2393  302.8083
    28    0.5500 6.016e+19 3.008e-06   -0.1116    0.1243    0.2497  303.7910
    29    0.5700 6.013e+19 3.007e-06    0.0621    0.1094    0.0067  303.2063
    30    0.5900 6.024e+19 3.012e-06   -0.1085   -0.1614    0.3476  302.2868
    31    0.6100 6.019e+19 3.009e-06    0.3325    0.0173   -0.0112  302.7756
    32    0.6300 6.033e+19 3.016e-06    0.3655    0.4498   -0.2421  303.5592
    33    0.6500 6.042e+19 3.021e-06   -0.0644   -0.0434    0.0229  304.1719
    34    0.6700 6.038e+19 3.019e-06    0.0199   -0.2482    0.8779  302.6845
    35    0.6900 6.042e+19 3.021e-06   -0.1270   -0.4041    0.3671  302.2249
    36    0.7100 6.024e+19 3.012e-06    0.2936    0.0043    0.0395  303.6873
    37    0.7300 6.014e+19 3.007e-06   -0.1456    0.0134    0.0203  302.9330
    38    0.7500 6.049e+19 3.024e-06   -0.0190   -0.2189   -0.0452  302.5676
    39    0.7700 6.031e+19 3.016e-06   -0.2578    0.0940   -0.1337  303.5649
    40    0.7900 6.019e+19 3.010e-06    0.3105    0.9671    0.0536  304.0167
    41    0.8100 6.014e+19 3.007e-06    0.1337    0.2368   -0.2575  304.4135
    42    0.8300 6.002e+19 3.001e-06   -0.2980    0.0669   -0.3886  304.2951
    43    0.8500 6.037e+19 3.019e-06    0.3808   -0.7921   -0.1227  303.5552
    44    0.8700 6.044e+19 3.022e-06   -0.0657   -0.0069    0.1222  302.9177
    45    0.8900 6.053e+19 3.026e-06    0.0295    0.1536   -0.1965  302.2363
    46    0.9100 6.062e+19 3.031e-06   -0.2663    0.3512    0.4483  301.4637
    47    0.9300 6.048e+19 3.024e-06   -0.2151    0.0753   -0.2856  301.8255
    48    0.9500 6.077e+19 3.038e-06    0.0005    0.1989   -0.0752  302.4148
    49    0.9700 6.052e+19 3.026e-06   -0.3589    0.1386    0.0764  301.3099
    50    0.9900 6.049e+19 3.025e-06    0.2265    0.2345   -0.2722  303.3313

 SPECIES 2
 CELL   X COORD      N DENS     DENSITY U DIF VEL V DIF VEL W DIF VEL	TEMP 
     1    0.0100 2.021e+19 9.094e-07    0.4353   -0.2363    0.2454  306.5318
     2    0.0300 2.011e+19 9.051e-07    1.2832   -0.1450   -1.7337  304.2591
     3    0.0500 2.010e+19 9.045e-07    0.4433   -1.0080    0.8227  306.1166
     4    0.0700 2.013e+19 9.059e-07   -0.0374   -0.1170   -1.1989  305.5726
     5    0.0900 2.013e+19 9.059e-07    0.7043    0.0521    0.1977  304.3409
     6    0.1100 2.017e+19 9.078e-07    0.3040   -1.5928    0.5658  305.9971
     7    0.1300 2.016e+19 9.071e-07   -0.5864   -0.5192    0.2538  304.9962
     8    0.1500 2.024e+19 9.107e-07   -1.3539    1.0797    0.4381  305.6181
     9    0.1700 2.011e+19 9.049e-07   -0.3502    1.9586    0.1050  307.0074
    10    0.1900 2.005e+19 9.022e-07    0.9637   -0.0278    1.2493  307.9420
    11    0.2100 2.009e+19 9.042e-07   -1.3357    0.3667    0.2534  306.5358
    12    0.2300 2.011e+19 9.049e-07    0.1629    0.0770    0.1220  306.0845
    13    0.2500 2.022e+19 9.100e-07    0.8475   -1.2722    1.0800  305.8131
    14    0.2700 2.000e+19 9.000e-07    1.3340   -1.3346    0.3072  304.3883
    15    0.2900 1.988e+19 8.945e-07   -0.1471   -0.9992   -0.6973  305.5442
    16    0.3100 1.982e+19 8.918e-07   -0.1276    0.0332   -2.4763  304.8856
    17    0.3300 1.994e+19 8.972e-07    1.3539   -0.5937   -0.3466  304.2664
    18    0.3500 1.993e+19 8.970e-07   -0.8111   -1.9067    0.0539  305.4710
    19    0.3700 2.001e+19 9.003e-07   -0.0011   -0.7664    0.4754  305.7893
    20    0.3900 1.976e+19 8.891e-07   -0.1640    0.6630   -1.4807  307.0896
    21    0.4100 1.985e+19 8.934e-07    0.0640    0.7072    1.0105  305.5360
    22    0.4300 1.973e+19 8.877e-07   -0.4515   -0.2181   -0.3718  304.6110
    23    0.4500 1.982e+19 8.921e-07   -0.9061    1.4873   -0.6709  303.3002
    24    0.4700 1.996e+19 8.984e-07    0.6872    0.1965    0.5541  302.8371
    25    0.4900 2.002e+19 9.009e-07    0.8690   -0.1751    0.0174  302.3110
    26    0.5100 1.996e+19 8.980e-07   -1.2705   -0.3696    0.3312  302.7166
    27    0.5300 2.000e+19 9.000e-07    0.3718    0.4757   -0.2835  301.7995
    28    0.5500 1.989e+19 8.951e-07    0.0786    0.2092   -0.8147  301.8425
    29    0.5700 1.991e+19 8.961e-07   -0.6950   -0.8163   -0.8825  301.8000
    30    0.5900 1.997e+19 8.987e-07    0.6151    0.8347   -0.6171  302.6745
    31    0.6100 1.975e+19 8.887e-07   -1.3187   -0.5961    1.2906  302.4580
    32    0.6300 1.989e+19 8.952e-07   -0.0541   -2.3406    1.6384  303.2804
    33    0.6500 1.984e+19 8.928e-07    0.6289    1.2559   -0.0840  304.0264
    34    0.6700 1.995e+19 8.978e-07    0.2811    2.3144   -1.5691  302.0805
    35    0.6900 2.006e+19 9.025e-07    0.0804    1.7466   -1.0790  303.8295
    36    0.7100 2.010e+19 9.043e-07   -0.2623   -0.5305    0.1438  303.8616
    37    0.7300 1.996e+19 8.982e-07   -0.3794   -0.1534   -0.2590  303.2772
    38    0.7500 2.013e+19 9.058e-07    0.6264   -0.2798   -0.4091  303.3279
    39    0.7700 2.012e+19 9.056e-07    0.1312    0.2245    0.9296  303.1878
    40    0.7900 2.007e+19 9.029e-07   -0.5764   -3.0732    0.7140  304.1577
    41    0.8100 2.002e+19 9.009e-07    0.8044   -0.4751    0.8088  304.4866
    42    0.8300 1.995e+19 8.979e-07   -0.2595   -1.2796    0.7011  305.7647
    43    0.8500 2.002e+19 9.011e-07   -0.5904    1.3925    0.9764  303.2704
    44    0.8700 2.008e+19 9.036e-07   -0.1516    1.0919    0.6067  302.0737
    45    0.8900 2.000e+19 9.002e-07   -1.1281    0.3145   -0.1664  302.2075
    46    0.9100 1.990e+19 8.956e-07    0.1125   -0.4017   -1.6694  303.3311
    47    0.9300 1.996e+19 8.983e-07    0.4051   -0.4377   -0.7767  300.7720
    48    0.9500 2.010e+19 9.045e-07    0.3977   -0.4253    0.3883  301.6722
    49    0.9700 1.996e+19 8.983e-07   -0.8339    0.2503   -0.5672  302.5959
    50    0.9900 1.984e+19 8.927e-07    0.0660   -0.0451    0.4370  300.9172

 SPECIES 3
 CELL   X COORD      N DENS     DENSITY U DIF VEL V DIF VEL W DIF VEL	TEMP 
     1    0.0100 9.865e+18 2.466e-07    1.4273   -2.0333    1.7101  304.9777
     2    0.0300 9.883e+18 2.471e-07   -3.3395    1.8472   -1.2995  303.7229
     3    0.0500 9.745e+18 2.436e-07    0.5126    0.9535   -2.2536  306.2459
     4    0.0700 9.801e+18 2.450e-07   -1.3357    0.0930   -1.1806  304.7581
     5    0.0900 9.805e+18 2.451e-07    1.3577   -0.1747   -2.2586  303.9961
     6    0.1100 9.736e+18 2.434e-07    0.1855   -1.1669   -1.7718  304.6166
     7    0.1300 9.746e+18 2.436e-07   -0.4011    1.0678    0.7084  304.8221
     8    0.1500 9.883e+18 2.471e-07   -0.6786   -1.4494   -2.9294  303.8434
     9    0.1700 9.695e+18 2.424e-07   -0.7251   -2.3650    2.6813  306.2743
    10    0.1900 9.760e+18 2.440e-07   -1.5898   -0.5556   -2.1097  305.5236
    11    0.2100 9.791e+18 2.448e-07    1.3436    0.4935    0.6653  304.2646
    12    0.2300 9.732e+18 2.433e-07    0.0156   -3.0493    3.9552  304.0981
    13    0.2500 9.683e+18 2.421e-07    0.5524    4.3898    2.9622  306.6639
    14    0.2700 9.868e+18 2.467e-07   -0.3834    3.2718    4.9682  304.6481
    15    0.2900 9.795e+18 2.449e-07    0.6207   -0.0154   -0.8793  304.7290
    16    0.3100 9.783e+18 2.446e-07    0.8695    0.0919    1.0374  304.5633
    17    0.3300 9.907e+18 2.477e-07   -1.9973   -2.0945   -0.7446  305.2922
    18    0.3500 9.798e+18 2.450e-07    1.3325    2.4471   -1.2427  305.5237
    19    0.3700 9.846e+18 2.462e-07   -2.0404   -3.0593    2.8561  305.6025
    20    0.3900 1.000e+19 2.501e-07    3.1604    3.3371    3.5159  305.1974
    21    0.4100 1.006e+19 2.516e-07   -0.8709   -0.1058    0.6903  305.8828
    22    0.4300 9.896e+18 2.474e-07    2.5414    4.3096    0.0855  304.0088
    23    0.4500 9.923e+18 2.481e-07   -1.7946    0.0660    2.0757  306.5973
    24    0.4700 9.957e+18 2.489e-07   -0.0677   -1.6345   -0.6236  302.6483
    25    0.4900 9.970e+18 2.492e-07    2.0590    0.2012    1.8599  304.4538
    26    0.5100 9.951e+18 2.488e-07    1.1923   -1.2916    2.0526  301.7885
    27    0.5300 1.002e+19 2.504e-07    1.9224    0.3060   -2.9725  301.2595
    28    0.5500 1.008e+19 2.520e-07   -0.1796   -1.7614   -0.4968  302.0539
    29    0.5700 1.015e+19 2.537e-07    1.3152    1.9859    0.4437  302.3741
    30    0.5900 1.005e+19 2.512e-07   -0.4493   -1.5868   -2.5903  303.5793
    31    0.6100 1.007e+19 2.517e-07   -1.2276    1.4622   -1.5282  305.8388
    32    0.6300 1.011e+19 2.527e-07   -2.6677    1.7224    1.2333  303.8965
    33    0.6500 1.018e+19 2.544e-07   -1.5471   -2.9010    1.0967  304.1244
    34    0.6700 1.007e+19 2.517e-07    0.5671   -2.8098   -2.5169  303.9461
    35    0.6900 1.008e+19 2.519e-07    0.5038   -0.5429    0.0351  303.2788
    36    0.7100 1.012e+19 2.529e-07   -0.9638    1.8805   -0.6332  304.7673
    37    0.7300 1.013e+19 2.533e-07    2.7053    1.5038    0.4506  301.4872
    38    0.7500 1.024e+19 2.560e-07   -0.2992    2.5587    1.6635  302.0715
    39    0.7700 1.019e+19 2.547e-07    1.0085    1.2669   -0.4390  302.4757
    40    0.7900 1.018e+19 2.546e-07   -0.7151    0.9028   -2.0344  304.7014
    41    0.8100 1.031e+19 2.577e-07   -4.5319   -1.0681    1.3211  303.2115
    42    0.8300 1.028e+19 2.571e-07    5.1963    1.2080    0.4503  302.1981
    43    0.8500 1.023e+19 2.558e-07   -2.2273    4.3405   -0.3553  302.9046
    44    0.8700 1.022e+19 2.555e-07    1.3981   -1.7041   -2.6040  302.4777
    45    0.8900 1.026e+19 2.565e-07    2.0808   -0.0613    0.3800  304.8051
    46    0.9100 1.026e+19 2.564e-07    1.5288    0.4266    2.0707  302.7854
    47    0.9300 1.017e+19 2.542e-07   -0.5293    0.3847    5.2438  301.9060
    48    0.9500 1.023e+19 2.556e-07   -2.8823   -0.5565   -0.5856  306.0769
    49    0.9700 1.027e+19 2.566e-07    4.5377   -0.7205    2.4605  301.9130
    50    0.9900 1.025e+19 2.563e-07   -1.1439   -1.9320    1.1148  302.8512

 SPECIES 4
 CELL   X COORD      N DENS     DENSITY U DIF VEL V DIF VEL W DIF VEL	TEMP 
     1    0.0100 8.120e+18 1.624e-07   -3.8510   -1.5052   -0.7196  304.1025
     2    0.0300 8.066e+18 1.613e-07    0.4461   -1.1169    4.3007  304.8137
     3    0.0500 7.930e+18 1.586e-07   -2.3978    4.9148    5.4670  304.7858
     4    0.0700 7.876e+18 1.575e-07   -2.4407   -0.7738   -0.7770  304.7417
     5    0.0900 7.999e+18 1.600e-07    0.6447    1.7820    0.4848  305.3631
     6    0.1100 7.902e+18 1.580e-07   -0.3641   -1.9578   -0.0210  302.7714
     7    0.1300 7.938e+18 1.588e-07    0.5600   -0.2256    0.4297  306.5782
     8    0.1500 8.035e+18 1.607e-07    3.8348    2.9071    4.0518  305.1947
     9    0.1700 8.091e+18 1.618e-07    0.9592   -0.9381    1.5441  304.7955
    10    0.1900 8.035e+18 1.607e-07   -3.2378    6.4070   -1.9093  306.2696
    11    0.2100 8.019e+18 1.604e-07   -0.8852    1.1537   -2.0678  306.2086
    12    0.2300 8.129e+18 1.626e-07   -0.5244    0.4455   -0.3235  303.9692
    13    0.2500 8.144e+18 1.629e-07   -0.0956   -4.8973   -0.0341  303.8572
    14    0.2700 8.049e+18 1.610e-07    0.4654   -4.3125   -4.3173  305.4236
    15    0.2900 8.095e+18 1.619e-07    1.2628    1.0991   -0.2478  304.5291
    16    0.3100 8.086e+18 1.617e-07   -3.2511   -2.5926   -3.2598  303.4428
    17    0.3300 8.011e+18 1.602e-07    0.4902   -0.6945   -1.5159  306.1630
    18    0.3500 8.099e+18 1.620e-07   -3.7002    3.2630   -1.3501  306.4766
    19    0.3700 7.991e+18 1.598e-07    3.6030    2.8897   -1.1466  306.4567
    20    0.3900 7.997e+18 1.599e-07   -2.9395    1.4927   -0.8843  305.6594
    21    0.4100 8.025e+18 1.605e-07   -1.9954    4.1361   -0.3752  305.6699
    22    0.4300 8.114e+18 1.623e-07    5.6960    4.5056   -1.5231  305.6933
    23    0.4500 8.100e+18 1.620e-07    3.1840   -1.2571    1.0949  304.6176
    24    0.4700 8.120e+18 1.624e-07   -3.8751    2.5528    0.1151  304.4080
    25    0.4900 8.043e+18 1.609e-07    2.7768    0.3558   -1.9090  306.4213
    26    0.5100 8.129e+18 1.626e-07   -1.9665   -4.1208   -2.1633  303.5880
    27    0.5300 7.983e+18 1.597e-07    1.6857    1.1381   -1.1867  304.8617
    28    0.5500 7.952e+18 1.590e-07    3.3224   -3.3548   -0.2792  303.2577
    29    0.5700 8.043e+18 1.609e-07    2.4840   -2.4335    1.6734  303.7891
    30    0.5900 7.999e+18 1.600e-07   -1.6290    1.6968    0.1487  304.4895
    31    0.6100 7.918e+18 1.584e-07    1.8787    3.1223   -4.0431  304.1703
    32    0.6300 7.994e+18 1.599e-07   -0.9640    1.4088   -2.9160  300.6438
    33    0.6500 7.918e+18 1.584e-07   -0.0745   -2.5937   -0.3515  301.7474
    34    0.6700 7.874e+18 1.575e-07   -3.6481   -1.2312   -1.5391  304.9857
    35    0.6900 7.927e+18 1.585e-07    1.9775   -3.6293   -0.2771  305.4948
    36    0.7100 7.927e+18 1.585e-07   -1.5232    1.8765   -0.4506  304.8727
    37    0.7300 7.923e+18 1.585e-07    0.0810   -3.6864    0.2386  303.2409
    38    0.7500 7.836e+18 1.567e-07   -2.0724    0.4538   -0.3204  303.9810
    39    0.7700 7.955e+18 1.591e-07    2.0420   -0.2371   -0.6411  304.9504
    40    0.7900 7.932e+18 1.586e-07   -3.7743    0.2460   -1.6745  302.3937
    41    0.8100 7.947e+18 1.589e-07    0.8709    1.2420   -2.1772  303.4901
    42    0.8300 7.858e+18 1.572e-07    0.7153    3.2901    5.0406  304.0330
    43    0.8500 7.990e+18 1.598e-07    0.1840   -0.0924   -2.1076  303.5052
    44    0.8700 7.912e+18 1.582e-07    0.5163    0.3460   -2.5821  303.0727
    45    0.8900 7.891e+18 1.578e-07    1.1894   -2.0560    3.2656  302.3077
    46    0.9100 7.941e+18 1.588e-07    2.3519   -3.7391   -0.2078  301.6430
    47    0.9300 7.878e+18 1.576e-07    0.4598   -1.3017    2.4550  300.5117
    48    0.9500 8.016e+18 1.603e-07    2.7969   -2.0571    0.2065  302.1336
    49    0.9700 8.077e+18 1.615e-07    2.9934   -2.5860   -4.3798  300.4205
    50    0.9900 8.170e+18 1.634e-07   -1.5899   -1.4251    1.6733  300.8622

 SPECIES 5
 CELL   X COORD      N DENS     DENSITY U DIF VEL V DIF VEL W DIF VEL	TEMP 
     1    0.0100 2.036e+18 8.144e-08    5.4135   -2.2809   -9.3873  308.8837
     2    0.0300 2.019e+18 8.077e-08   -0.3348    4.1992    0.2308  309.7643
     3    0.0500 1.984e+18 7.934e-08   -1.5222    2.4737   -9.8284  308.0654
     4    0.0700 2.006e+18 8.023e-08   -2.2031   -4.2972    3.1990  303.5738
     5    0.0900 2.040e+18 8.159e-08   -0.8385    1.3278   -1.8898  304.6689
     6    0.1100 1.973e+18 7.892e-08   -0.0058    2.5040   -4.9504  302.9587
     7    0.1300 2.062e+18 8.248e-08   -1.5452    0.8193   -5.3696  304.8232
     8    0.1500 2.071e+18 8.284e-08    1.9173   -0.5716    4.9040  305.9338
     9    0.1700 2.005e+18 8.019e-08   -0.5416   -3.0381    8.0588  304.2218
    10    0.1900 2.019e+18 8.075e-08    3.1603   -5.3829    1.6436  307.2177
    11    0.2100 2.076e+18 8.302e-08    0.0667   -5.0929    5.2478  306.6099
    12    0.2300 2.089e+18 8.357e-08    2.2543   -1.8573   -3.1516  307.9423
    13    0.2500 2.053e+18 8.212e-08    0.6478    2.5113   -2.1783  304.3373
    14    0.2700 2.113e+18 8.452e-08   -1.0943    1.1867    3.0831  307.8597
    15    0.2900 2.100e+18 8.401e-08   -0.6160    3.2533    5.3477  297.7932
    16    0.3100 2.051e+18 8.203e-08    2.1991    8.2248    3.3989  302.3590
    17    0.3300 2.052e+18 8.206e-08   -3.6376    6.0910   -5.2528  304.8479
    18    0.3500 2.121e+18 8.482e-08    0.8530    2.6073   -5.7668  301.4062
    19    0.3700 2.091e+18 8.364e-08    3.1589   -0.4139   -0.8310  307.8413
    20    0.3900 2.079e+18 8.315e-08   -3.1090    5.2716    5.8820  304.7351
    21    0.4100 2.034e+18 8.134e-08    0.5895    0.9663   -2.1017  304.8221
    22    0.4300 2.057e+18 8.226e-08   -3.0855    0.4930    1.3318  302.6361
    23    0.4500 1.987e+18 7.949e-08    1.8174   -2.0767   -1.8336  309.7016
    24    0.4700 1.983e+18 7.932e-08   -2.0713    0.8056    2.4730  303.8649
    25    0.4900 1.986e+18 7.945e-08   -1.5131    1.4234    7.4588  304.6331
    26    0.5100 1.962e+18 7.848e-08    1.5113   -0.0626    4.2967  306.1824
    27    0.5300 1.919e+18 7.676e-08    2.6876    3.5589    6.1086  301.4602
    28    0.5500 2.004e+18 8.014e-08   -2.7191    5.1926    1.8443  306.9825
    29    0.5700 2.016e+18 8.064e-08   -3.6852    3.5976    4.8221  311.8736
    30    0.5900 1.981e+18 7.925e-08    1.8625   -1.7269    1.6989  300.8337
    31    0.6100 2.054e+18 8.215e-08    2.2261   -4.6823   -1.0779  304.1448
    32    0.6300 2.023e+18 8.091e-08   -2.7892    0.9643   -7.1912  301.7173
    33    0.6500 1.972e+18 7.889e-08    0.4861    2.0084   -2.7585  306.2116
    34    0.6700 1.895e+18 7.578e-08    1.5721   -5.6402   -4.8277  301.6140
    35    0.6900 1.957e+18 7.826e-08   -1.6514    4.5576   -1.2801  304.6348
    36    0.7100 1.899e+18 7.596e-08   -2.1322   -4.0334   -0.2275  303.2677
    37    0.7300 1.926e+18 7.705e-08    1.0452    3.9043    0.2533  304.8602
    38    0.7500 1.920e+18 7.681e-08   -1.4140    2.4622    1.7112  301.7807
    39    0.7700 1.962e+18 7.849e-08    0.9822   -9.8312   -2.8664  305.2195
    40    0.7900 1.954e+18 7.814e-08    4.6927   -5.1792   -0.2889  306.3672
    41    0.8100 1.930e+18 7.721e-08   -1.2626   -2.6725    0.6628  300.4179
    42    0.8300 1.927e+18 7.706e-08   -4.1665    1.5641   -4.8208  303.9236
    43    0.8500 1.920e+18 7.681e-08   -1.0013    0.5293   -1.0631  299.7277
    44    0.8700 1.943e+18 7.770e-08   -1.3281   -7.5317    2.0127  304.5400
    45    0.8900 1.932e+18 7.728e-08    2.6492   -5.2761    1.7051  304.7699
    46    0.9100 1.958e+18 7.830e-08   -0.7552   -2.8133   -4.6214  306.9407
    47    0.9300 1.979e+18 7.915e-08    4.4048    3.4473   -2.0027  304.5044
    48    0.9500 2.012e+18 8.046e-08   -0.9057    3.1368   -0.0761  300.9223
    49    0.9700 1.946e+18 7.783e-08    2.4025   -0.5353    4.5537  303.9587
    50    0.9900 1.929e+18 7.714e-08   -2.4779    0.7656   -1.6316  303.1328

 AVERAGE TEMPERATURE 304.065

 COLLISIONS:-
17641762	 6941561	 3105652	 2683553	  717500	
 6941561	 2692212	 1224665	 1054237	  277452	
 3105652	 1224665	  505002	  432828	  125664	
 2683553	 1054237	  432828	  358914	  107301	
  717500	  277452	  125664	  107301	   27150	

 RATIO OF COLLISION NUMBER TO THEORETICAL VALUE

  1.0002	  1.0011	  1.0004	  1.0004	  1.0023	
  1.0011	  0.9978	  1.0021	  1.0009	  0.9976	
  1.0004	  1.0021	  0.9921	  1.0021	  1.0061	
  1.0004	  1.0009	  1.0021	  0.9854	  0.9997	
  1.0023	  0.9976	  1.0061	  0.9997	  0.9487	
