 FROM ZERO TIME TO TIME 0.000400
 COLLISIONS:-
     3390	     1337	      622	      515	      125	
     1337	      502	      226	      210	       57	
      622	      226	      100	       85	       28	
      515	      210	       85	       74	       20	
      125	       57	       28	       20	        4	
 TOTAL NUMBER OF SAMPLES 4
1000 MOLECULES
16000.0 TOTAL MOLECULAR MOVES
8165 SELECTIONS 5260 COLLISION EVENTS, RATIO  0.6442131047152481
 MEAN COLLISION SEPARATION 9.652885918249865E-4
SAMPLES
 CELL     N SP 1    N SP 2     ETC 
     1	    59	    14	    10	     3	     4	
     2	    51	    10	     8	     6	     3	
     3	    35	    18	     8	     5	     1	
     4	    48	    26	     7	    13	     0	
     5	    39	    13	     8	     6	     0	
     6	    54	    16	     5	     9	     0	
     7	    38	    19	     6	     6	     0	
     8	    40	    15	     4	     5	     0	
     9	    58	    21	     8	     4	     2	
    10	    45	    22	    13	     4	     1	
    11	    51	    13	     6	     9	     3	
    12	    60	    15	     8	    11	     0	
    13	    58	    19	    14	     8	     5	
    14	    46	    11	    13	     4	     1	
    15	    52	    16	     8	     5	     2	
    16	    62	    10	     8	     3	     0	
    17	    42	    12	    11	     6	     2	
    18	    46	    17	     7	     8	     2	
    19	    44	    15	     6	     3	     1	
    20	    43	    12	     7	    11	     3	
    21	    43	    14	     5	     6	     2	
    22	    45	    22	    11	     8	     0	
    23	    50	    11	     7	     5	     3	
    24	    48	    18	     6	     6	     2	
    25	    50	    17	     5	     9	     3	
    26	    47	    13	     6	     6	     2	
    27	    51	    22	     4	     3	     1	
    28	    51	    24	     6	     1	     1	
    29	    54	    18	     9	     8	     0	
    30	    40	    17	    11	     6	     0	
    31	    53	     8	     9	     9	     0	
    32	    47	    12	     7	    11	     2	
    33	    52	    14	     7	     4	     3	
    34	    47	    14	     8	     7	     0	
    35	    54	    13	    10	     3	     3	
    36	    43	    24	     4	     6	     1	
    37	    45	    17	    10	    10	     2	
    38	    47	    14	     6	     8	     1	
    39	    32	    13	    12	     3	     4	
    40	    39	    25	     6	     6	     1	
    41	    38	    14	    10	     3	     0	
    42	    32	    28	     8	     5	     2	
    43	    50	    10	     7	     3	     1	
    44	    52	    13	    10	     6	     2	
    45	    52	    21	     8	    12	     1	
    46	    48	    16	     6	     8	     4	
    47	    55	    15	    10	     7	     1	
    48	    43	    18	     5	    10	     4	
    49	    58	    11	    12	    10	     2	
    50	    63	    10	    10	     2	     2	
 FLOWFIELD PROPERTIES
 CELL   X COORD     DENSITY       U         V        W         TEMP
     1    0.0100 5.063e-06  -14.1777   51.8546   -6.7639  279.1512
     2    0.0300 4.300e-06  -21.0087   14.6112  -15.2628  313.4832
     3    0.0500 3.625e-06    6.3221   65.0205  -29.4930  238.4579
     4    0.0700 5.006e-06  -19.7134   54.6370   11.9858  272.2293
     5    0.0900 3.569e-06  -22.5670   47.2392  -38.1904  265.1848
     6    0.1100 4.656e-06  -64.6820  -17.5224    8.1036  294.9498
     7    0.1300 3.781e-06   75.4723   53.6278  -23.9528  317.5257
     8    0.1500 3.594e-06  -17.7374   41.7215  -96.2333  310.0618
     9    0.1700 5.256e-06   -2.2722   -3.2668  -30.1738  256.2850
    10    0.1900 4.606e-06   39.6849   -8.2957   60.4049  274.0768
    11    0.2100 4.481e-06   16.4889   33.0532   33.3814  326.1044
    12    0.2300 5.119e-06  -19.0375  -28.3941  -17.1931  271.9250
    13    0.2500 5.581e-06   46.9742   13.4500   46.0915  268.8002
    14    0.2700 4.050e-06  -29.9825   17.3410   93.7039  300.8900
    15    0.2900 4.625e-06    3.1007    5.0559   27.3956  291.3742
    16    0.3100 4.763e-06  -13.2139    8.2597   15.5797  292.8000
    17    0.3300 3.894e-06  -39.6208   33.3498   38.4388  296.8869
    18    0.3500 4.350e-06  -33.2466   -2.9939   39.3304  290.5489
    19    0.3700 3.906e-06  -26.8991   33.4027   73.1272  293.2811
    20    0.3900 4.006e-06  -33.8388  -13.3495   39.6465  245.1643
    21    0.4100 3.881e-06  -24.2102  -87.3879   33.3787  328.6980
    22    0.4300 4.594e-06   -5.0126   24.8251   10.4819  290.0303
    23    0.4500 4.238e-06  -36.1414  -29.6917  -37.9098  308.9606
    24    0.4700 4.450e-06   13.4125  -34.3752   29.8425  247.3025
    25    0.4900 4.613e-06  -20.0085  -22.9751    8.7362  303.8637
    26    0.5100 4.106e-06  -44.5205  -32.9729   42.0604  341.1253
    27    0.5300 4.675e-06  -14.3284  -16.4421    9.1504  291.1979
    28    0.5500 4.800e-06  -15.2695  -24.7656  -54.4135  264.1155
    29    0.5700 4.869e-06   -0.4976   25.0360  -41.9120  314.7704
    30    0.5900 3.950e-06  -29.1295    9.1399  -65.8344  325.8556
    31    0.6100 4.269e-06   43.6109   23.5599   16.0112  314.9260
    32    0.6300 4.206e-06  -16.0195   -8.0400   54.6775  330.1755
    33    0.6500 4.506e-06   33.4245    9.2668   96.9633  341.9010
    34    0.6700 4.150e-06   -8.7320   94.2598  -24.3019  243.9128
    35    0.6900 4.644e-06    0.9666  -51.3259   14.5447  305.7329
    36    0.7100 4.363e-06   28.3359  -11.8406  -48.3358  253.8461
    37    0.7300 4.431e-06   -1.9212  -14.1702   -7.5667  239.4814
    38    0.7500 4.163e-06    0.0149  -54.7131   17.1493  287.7585
    39    0.7700 3.381e-06  -14.9003  -54.8014  -29.1991  257.4659
    40    0.7900 4.231e-06    3.3643   15.3832  -40.3663  337.3407
    41    0.8100 3.550e-06  -13.9007  -72.9392 -110.2612  278.9735
    42    0.8300 4.050e-06   19.3664   19.5607   22.6252  344.9990
    43    0.8500 4.031e-06   18.4491  -61.3126  -63.5693  355.1728
    44    0.8700 4.544e-06  -12.7574  -44.5380   22.1611  339.5627
    45    0.8900 5.031e-06  -18.0635   22.8376   -5.6556  304.7830
    46    0.9100 4.488e-06   -9.8442   31.2007   13.9839  379.5270
    47    0.9300 4.819e-06   10.0994   22.2689    0.4526  333.6972
    48    0.9500 4.306e-06   12.9264  -16.5281   20.4323  383.1126
    49    0.9700 4.969e-06   16.7799  -77.0032  -35.9443  339.9179
    50    0.9900 4.963e-06   52.0481  -60.5127   31.6487  311.4632


 SPECIES 1
 CELL   X COORD      N DENS     DENSITY U DIF VEL V DIF VEL W DIF VEL	TEMP 
     1    0.0100 7.375e+19 3.688e-06   16.6937   22.1351  -60.5109  278.1671
     2    0.0300 6.375e+19 3.188e-06   20.7729  -16.0070   -0.9811  291.1482
     3    0.0500 4.375e+19 2.188e-06   16.3638  -35.5681  -12.3120  250.5265
     4    0.0700 6.000e+19 3.000e-06  -17.1430  -24.3787  -42.8865  363.1065
     5    0.0900 4.875e+19 2.438e-06   21.4527    7.1205   27.5925  255.7678
     6    0.1100 6.750e+19 3.375e-06    4.6319    3.6483  -11.2634  262.5141
     7    0.1300 4.750e+19 2.375e-06  -35.4245   -8.2593   23.8206  359.3344
     8    0.1500 5.000e+19 2.500e-06   41.2991  -36.6597   -2.9593  270.7204
     9    0.1700 7.250e+19 3.625e-06   14.3563  -12.1221  -15.3541  234.4428
    10    0.1900 5.625e+19 2.813e-06   16.5991   20.0862   -4.9875  280.6722
    11    0.2100 6.375e+19 3.188e-06   10.4631    0.4705   -3.8195  319.2736
    12    0.2300 7.500e+19 3.750e-06   11.0671  -10.7927    1.0142  257.4707
    13    0.2500 7.250e+19 3.625e-06    6.6356   22.1659  -13.7545  240.7123
    14    0.2700 5.750e+19 2.875e-06    9.9573   18.7716  -11.7598  321.2729
    15    0.2900 6.500e+19 3.250e-06   15.2185   10.0594   -1.1950  282.4705
    16    0.3100 7.750e+19 3.875e-06   -8.1173    7.2196  -10.8214  288.5768
    17    0.3300 5.250e+19 2.625e-06  -31.6874    1.9470  -15.5206  295.1464
    18    0.3500 5.750e+19 2.875e-06  -22.3572   -9.4297    2.5677  286.5810
    19    0.3700 5.500e+19 2.750e-06  -11.4569    8.8307   51.0175  271.3405
    20    0.3900 5.375e+19 2.688e-06  -13.6237   24.6042  -17.6658  268.1905
    21    0.4100 5.375e+19 2.688e-06  -18.0077  -25.8896   41.1971  365.2820
    22    0.4300 5.625e+19 2.813e-06   -3.0849   -6.7895   21.9113  264.9577
    23    0.4500 6.250e+19 3.125e-06  -13.7418   18.3405   17.6650  349.9029
    24    0.4700 6.000e+19 3.000e-06   13.9642    1.0343   10.7887  239.3345
    25    0.4900 6.250e+19 3.125e-06   -0.0887   42.4250  -35.9985  307.2461
    26    0.5100 5.875e+19 2.938e-06  -27.1767    1.2974   16.5101  352.2506
    27    0.5300 6.375e+19 3.188e-06   -1.7276  -37.8691  -67.3603  296.4662
    28    0.5500 6.375e+19 3.188e-06  -14.2624  -35.0247    4.3181  257.0907
    29    0.5700 6.750e+19 3.375e-06   -1.4722   15.7067  -32.2385  363.3354
    30    0.5900 5.000e+19 2.500e-06  -13.8108   -4.0620   10.5956  286.2688
    31    0.6100 6.625e+19 3.313e-06  -29.4568   10.9734   -5.7815  343.6265
    32    0.6300 5.875e+19 2.938e-06    4.2816  -12.9517   -5.8339  363.2728
    33    0.6500 6.500e+19 3.250e-06  -26.2543  -14.0171   -5.4352  334.5482
    34    0.6700 5.875e+19 2.938e-06  -56.7303   11.7996    7.4595  230.3153
    35    0.6900 6.750e+19 3.375e-06   -7.0514   18.2138  -42.3703  286.5965
    36    0.7100 5.375e+19 2.688e-06   14.1164   -1.1164   35.7909  228.4524
    37    0.7300 5.625e+19 2.813e-06  -15.1606  -23.6229    2.6463  219.8936
    38    0.7500 5.875e+19 2.938e-06   -4.5253   24.4112   33.3844  257.7678
    39    0.7700 4.000e+19 2.000e-06   -4.0457   32.8126   13.0158  236.2920
    40    0.7900 4.875e+19 2.438e-06   -3.5404  -26.7549  -10.0829  329.3582
    41    0.8100 4.750e+19 2.375e-06    4.8493    4.3422   -6.4718  264.8559
    42    0.8300 4.000e+19 2.000e-06   20.9065  -28.0348   23.0399  380.7001
    43    0.8500 6.250e+19 3.125e-06   12.8695   -4.1947   14.7296  296.8011
    44    0.8700 6.500e+19 3.250e-06  -28.2479   -8.3793   -4.5570  345.2542
    45    0.8900 6.500e+19 3.250e-06   18.2194  -48.0550  -13.0165  321.6085
    46    0.9100 6.000e+19 3.000e-06   -1.7962  -18.5877  -24.7139  396.6923
    47    0.9300 6.875e+19 3.438e-06   38.2436  -28.1091   -7.7409  327.3332
    48    0.9500 5.375e+19 2.688e-06   49.8625   31.0384   61.2488  384.7595
    49    0.9700 7.250e+19 3.625e-06   17.8969   16.9710  -16.2092  358.8604
    50    0.9900 7.875e+19 3.938e-06   40.1529    9.7061    0.9801  290.6565

 SPECIES 2
 CELL   X COORD      N DENS     DENSITY U DIF VEL V DIF VEL W DIF VEL	TEMP 
     1    0.0100 1.750e+19 7.875e-07   28.7959  -39.4683   77.3490  214.0318
     2    0.0300 1.250e+19 5.625e-07  -58.1463   74.5816   48.4117  420.5927
     3    0.0500 2.250e+19 1.013e-06   12.3014   45.5090  -11.9515  246.4430
     4    0.0700 3.250e+19 1.463e-06   44.7207   27.2197   37.4036  199.6007
     5    0.0900 1.625e+19 7.313e-07   90.5991  -54.1740  -83.9806  213.4447
     6    0.1100 2.000e+19 9.000e-07   18.4729   31.3679   19.3587  370.5120
     7    0.1300 2.375e+19 1.069e-06   85.1556    8.1689  -36.4067  271.9209
     8    0.1500 1.875e+19 8.438e-07 -106.8143  107.5965   74.0789  292.1445
     9    0.1700 2.625e+19 1.181e-06  -58.8491   38.3488   81.2726  312.5812
    10    0.1900 2.750e+19 1.238e-06    7.1167    9.4997    0.6809  246.7937
    11    0.2100 1.625e+19 7.313e-07  -67.3283  -88.0297   79.8740  245.3486
    12    0.2300 1.875e+19 8.438e-07  -79.0679  -67.2185   44.3447  265.2369
    13    0.2500 2.375e+19 1.069e-06   26.8177 -101.6171  -14.2593  307.4483
    14    0.2700 1.375e+19 6.188e-07  -63.8682  -48.2718   41.6792  287.0692
    15    0.2900 2.000e+19 9.000e-07  -71.5952 -126.7040  -69.9918  263.1780
    16    0.3100 1.250e+19 5.625e-07   73.8064   23.3916   25.3001  365.3833
    17    0.3300 1.500e+19 6.750e-07    7.2522    8.0891   -9.3603  225.3350
    18    0.3500 2.125e+19 9.563e-07   44.5605    1.5750   -3.6442  278.8854
    19    0.3700 1.875e+19 8.438e-07   20.0341  -59.1703  -90.3267  239.3528
    20    0.3900 1.500e+19 6.750e-07  -25.5872  -79.9968   56.5125  220.9308
    21    0.4100 1.750e+19 7.875e-07  122.6066   59.4251 -106.1146  164.8615
    22    0.4300 2.750e+19 1.238e-06  -20.7080   -5.7782  -25.4046  366.4095
    23    0.4500 1.375e+19 6.188e-07  117.7954 -103.1556  -33.5724  170.3237
    24    0.4700 2.250e+19 1.013e-06   -6.7863    8.0354  -15.1343  267.2649
    25    0.4900 2.125e+19 9.563e-07   60.7577 -159.8282  128.4280  254.8141
    26    0.5100 1.625e+19 7.313e-07  152.1316   -6.8370  -12.8803  209.9589
    27    0.5300 2.750e+19 1.238e-06    0.2315   99.5907  166.0238  255.1453
    28    0.5500 3.000e+19 1.350e-06   -7.1771   81.8296  -19.6064  229.4963
    29    0.5700 2.250e+19 1.013e-06  -44.3505  -18.6580   74.9201  220.2320
    30    0.5900 2.125e+19 9.563e-07   -1.1052 -101.4769  -37.5772  304.3004
    31    0.6100 1.000e+19 4.500e-07  132.6689  -59.5584  -15.1323  290.7691
    32    0.6300 1.500e+19 6.750e-07  -38.3936   24.1235  -66.8753  288.6482
    33    0.6500 1.750e+19 7.875e-07  -51.5562    9.4934  127.1427  291.4406
    34    0.6700 1.750e+19 7.875e-07  172.8271  -60.6220  -34.5807  260.5403
    35    0.6900 1.625e+19 7.313e-07  -28.0805   57.2257  -37.5226  306.2250
    36    0.7100 3.000e+19 1.350e-06  -12.1081   12.6339  -95.0292  258.2750
    37    0.7300 2.125e+19 9.563e-07   11.1406   42.5627  -28.4331  226.6424
    38    0.7500 1.750e+19 7.875e-07    8.2609  -25.4266  -76.8961  310.3076
    39    0.7700 1.625e+19 7.313e-07   -8.9808   -8.2871  -28.6485  344.8874
    40    0.7900 3.125e+19 1.406e-06  -40.5689   61.8544   14.2711  294.2344
    41    0.8100 1.750e+19 7.875e-07  -91.2106 -106.4234   -2.3316  233.6351
    42    0.8300 3.500e+19 1.575e-06  -68.2073   84.3511   31.2888  289.9282
    43    0.8500 1.250e+19 5.625e-07 -133.4091   40.8359   13.8790  535.1952
    44    0.8700 1.625e+19 7.313e-07  -22.9305  124.8354  -16.4965  379.6857
    45    0.8900 2.625e+19 1.181e-06  -63.1695   26.2490   33.9733  271.6264
    46    0.9100 2.000e+19 9.000e-07   29.6894   90.0427  123.9300  357.2162
    47    0.9300 1.875e+19 8.438e-07 -102.9466  -24.3605   25.6173  282.2278
    48    0.9500 2.250e+19 1.013e-06  -92.6466 -176.5732 -137.4338  281.0367
    49    0.9700 1.375e+19 6.188e-07  -81.3726  -69.3147   -8.7965  317.5694
    50    0.9900 1.250e+19 5.625e-07 -199.8441   -9.3720 -174.3601  280.3203

 SPECIES 3
 CELL   X COORD      N DENS     DENSITY U DIF VEL V DIF VEL W DIF VEL	TEMP 
     1    0.0100 1.250e+19 3.125e-07 -120.9660 -248.9363  302.5528  159.9387
     2    0.0300 1.000e+19 2.500e-07   22.1532  -22.2141  -55.5863  245.4469
     3    0.0500 1.000e+19 2.500e-07 -165.7336  121.1343   90.4583  128.7419
     4    0.0700 8.750e+18 2.188e-07  -18.1251  130.1650  312.4495  126.8636
     5    0.0900 1.000e+19 2.500e-07 -286.7722   -1.8572 -137.7751  228.0007
     6    0.1100 6.250e+18 1.563e-07 -150.1889 -130.1560  273.8789  252.7753
     7    0.1300 7.500e+18 1.875e-07 -163.3477   59.4802   12.6983  234.1941
     8    0.1500 5.000e+18 1.250e-07   15.3480   35.9367 -331.7167  390.3687
     9    0.1700 1.000e+19 2.500e-07   82.9921   90.0725  -89.6533  237.8126
    10    0.1900 1.625e+19 4.063e-07 -187.6931 -118.9240 -159.2178  189.5143
    11    0.2100 7.500e+18 1.875e-07   34.6486 -162.0100   12.3539  263.9415
    12    0.2300 1.000e+19 2.500e-07  -15.3036  125.3743  -74.6717  315.7054
    13    0.2500 1.750e+19 4.375e-07  -92.5418    0.8285  200.1884  307.5009
    14    0.2700 1.625e+19 4.063e-07   69.7440  -68.6568   81.5730  242.8136
    15    0.2900 1.000e+19 2.500e-07   -4.5227   69.0381  145.6440  198.7506
    16    0.3100 1.000e+19 2.500e-07   -7.5430 -179.5482  -21.4192  224.3942
    17    0.3300 1.375e+19 3.438e-07  127.0392  -30.7560  149.9756  339.6788
    18    0.3500 8.750e+18 2.188e-07 -198.3121   19.4809  -63.2473  257.1087
    19    0.3700 7.500e+18 1.875e-07  161.7019  209.5215  -78.3020  338.4997
    20    0.3900 8.750e+18 2.188e-07  237.6971   -1.1166   95.6907  177.4555
    21    0.4100 6.250e+18 1.563e-07 -127.4093   -3.7539 -111.7299  163.7667
    22    0.4300 1.375e+19 3.438e-07   73.9148  -29.6759   51.1578  230.9149
    23    0.4500 8.750e+18 2.188e-07 -119.4400 -118.2363  110.5912  183.5785
    24    0.4700 7.500e+18 1.875e-07   31.8890  -85.5633  232.5514  241.7111
    25    0.4900 6.250e+18 1.563e-07  -57.2846   25.9082  200.0182  376.9099
    26    0.5100 7.500e+18 1.875e-07 -402.3594   22.2258  -39.3272  234.6476
    27    0.5300 5.000e+18 1.250e-07  325.5641  187.9488  -86.3336  121.3201
    28    0.5500 7.500e+18 1.875e-07  164.5397   61.0984   65.2499  298.5218
    29    0.5700 1.125e+19 2.813e-07   68.2412  -85.0644   26.6781  206.9971
    30    0.5900 1.375e+19 3.438e-07   66.3233  228.4792  -29.9345  355.3797
    31    0.6100 1.125e+19 2.813e-07  118.3716  -33.6951    2.8334  261.5504
    32    0.6300 8.750e+18 2.188e-07   76.3223 -111.1051  -26.5897  203.3744
    33    0.6500 8.750e+18 2.188e-07  338.5360   12.1727  -99.2956  408.8246
    34    0.6700 1.000e+19 2.500e-07   88.7446 -172.2118   98.0375  244.9631
    35    0.6900 1.250e+19 3.125e-07   26.7070 -103.2650  184.1483  265.6886
    36    0.7100 5.000e+18 1.250e-07   62.2786   38.7025 -108.7395  239.0099
    37    0.7300 1.250e+19 3.125e-07  -24.6166   49.2471   44.5418  274.4899
    38    0.7500 7.500e+18 1.875e-07  -40.9487 -350.8152  -68.3868  409.4835
    39    0.7700 1.500e+19 3.750e-07   75.8392  -36.6686  -14.6127  232.5218
    40    0.7900 7.500e+18 1.875e-07   53.1417  101.9349   75.3052  358.9227
    41    0.8100 1.250e+19 3.125e-07  253.4563  333.4431   81.5413  252.4388
    42    0.8300 1.000e+19 2.500e-07   62.1609  -54.2610 -314.7041  309.9669
    43    0.8500 8.750e+18 2.188e-07   70.6567  159.3384  -30.0624  290.0780
    44    0.8700 1.250e+19 3.125e-07  134.5889 -152.4662  -56.8914  315.1422
    45    0.8900 1.000e+19 2.500e-07  140.2264  332.6803  158.7005  186.3773
    46    0.9100 7.500e+18 1.875e-07  -13.6537 -101.9930  166.7738  186.2054
    47    0.9300 1.250e+19 3.125e-07  -14.7985  469.2927  -24.8306  173.6391
    48    0.9500 6.250e+18 1.563e-07   43.8436  174.4166  182.3827  653.9400
    49    0.9700 1.500e+19 3.750e-07  -48.4923  101.9658   39.0192  308.0015
    50    0.9900 1.250e+19 3.125e-07  -86.9138   -5.5856  243.4899  356.1277

 SPECIES 4
 CELL   X COORD      N DENS     DENSITY U DIF VEL V DIF VEL W DIF VEL	TEMP 
     1    0.0100 3.750e+18 7.500e-08 -683.2220  -73.1981 -271.8402  222.3730
     2    0.0300 7.500e+18 1.500e-07   -1.5422  226.0335 -342.4121  282.0887
     3    0.0500 6.250e+18 1.250e-07   13.5261   57.7945  -93.2245  201.4259
     4    0.0700 1.625e+19 3.250e-07  -30.8002   14.9343   17.2567  101.0083
     5    0.0900 7.500e+18 1.500e-07 -312.3238  151.4852  190.6522  278.0590
     6    0.1100 1.125e+19 2.250e-07  -39.0725  -89.8099  -98.6774  326.4751
     7    0.1300 7.500e+18 1.500e-07  158.3379   -1.7806 -133.6355  197.2210
     8    0.1500 6.250e+18 1.250e-07 -120.3332  -29.0184 -109.1300  424.9318
     9    0.1700 5.000e+18 1.000e-07  239.0732   -5.9989 -137.0904  211.1780
    10    0.1900 5.000e+18 1.000e-07  341.1441 -223.5875  580.8396  237.4551
    11    0.2100 1.125e+19 2.250e-07  -89.8633  206.0952  -24.1682  403.4067
    12    0.2300 1.375e+19 2.750e-07  105.5923  239.4353  -82.0041  261.8306
    13    0.2500 1.000e+19 2.000e-07  -31.0396   75.5811   24.4189  166.3729
    14    0.2700 5.000e+18 1.000e-07  -12.1295  126.2018 -223.4879  238.5078
    15    0.2900 6.250e+18 1.250e-07 -206.6804  300.7370  200.7412  409.5231
    16    0.3100 3.750e+18 7.500e-08 -109.0093   50.0448  440.7516  137.1850
    17    0.3300 7.500e+18 1.500e-07   12.4361 -158.5886  -13.8733  324.2056
    18    0.3500 1.000e+19 2.000e-07  171.8849   80.0791 -155.9659  299.2336
    19    0.3700 3.750e+18 7.500e-08   23.5794  178.2852 -782.6951  228.8445
    20    0.3900 1.375e+19 2.750e-07   26.4883  -40.8783  -86.5267  239.6640
    21    0.4100 7.500e+18 1.500e-07 -203.4004  206.2917   -6.0296  499.0751
    22    0.4300 1.000e+19 2.000e-07   44.4712  182.2357 -238.8645  243.3773
    23    0.4500 6.250e+18 1.250e-07   -2.6597   32.7381   -4.9524  155.0687
    24    0.4700 7.500e+18 1.500e-07 -167.5511   54.7347 -134.5289  210.7605
    25    0.4900 1.125e+19 2.250e-07 -155.0360  139.6865 -200.9752  204.2146
    26    0.5100 7.500e+18 1.500e-07  219.8096   40.2880  -75.1936  529.5052
    27    0.5300 3.750e+18 7.500e-08 -198.4139 -279.4610  231.5967  107.1407
    28    0.5500 1.250e+18 2.500e-08 -503.5554 -113.5410 -766.8619    0.0005
    29    0.5700 1.000e+19 2.000e-07  153.4035  -50.9734  127.2262  262.0417
    30    0.5900 7.500e+18 1.500e-07   85.2344  191.0162  131.5619  464.9787
    31    0.6100 1.125e+19 2.250e-07   20.3667   -0.3171  111.8390  177.4653
    32    0.6300 1.375e+19 2.750e-07   -9.2332  127.7655  323.3463  279.9738
    33    0.6500 5.000e+18 1.000e-07  303.0035  218.4975 -115.3923  135.0904
    34    0.6700 8.750e+18 1.750e-07   47.7577  320.7519 -109.6537  108.4911
    35    0.6900 3.750e+18 7.500e-08  671.5623 -269.4627  231.3472   96.4100
    36    0.7100 7.500e+18 1.500e-07 -231.1019 -241.2911  254.7189  300.0878
    37    0.7300 1.250e+19 2.500e-07   53.3121   66.1720   97.6107  268.6528
    38    0.7500 1.000e+19 2.000e-07   78.0314   72.5946  -42.8781  266.7186
    39    0.7700 3.750e+18 7.500e-08 -273.0021   78.8204  -78.0078  180.0520
    40    0.7900 7.500e+18 1.500e-07  239.4286 -423.2908 -111.8051  378.1658
    41    0.8100 3.750e+18 7.500e-08 -251.9173 -409.4052 -110.3349  173.1084
    42    0.8300 6.250e+18 1.250e-07  294.8560 -287.6398 -202.0891  214.1440
    43    0.8500 3.750e+18 7.500e-08  116.2259 -640.4236 -536.9642  508.8129
    44    0.8700 7.500e+18 1.500e-07  149.1755  -39.5424   20.4799  102.7905
    45    0.8900 1.500e+19 3.000e-07  -27.5735  152.4094  -61.3493  276.0979
    46    0.9100 1.000e+19 2.000e-07 -115.0380   62.8001 -196.4749  293.8328
    47    0.9300 8.750e+18 1.750e-07 -296.6296  -90.9350  166.6447  437.4125
    48    0.9500 1.250e+19 2.500e-07 -195.3812  262.4253 -168.4369  291.4138
    49    0.9700 1.250e+19 2.500e-07   10.1769  -97.9342  155.0717  275.2736
    50    0.9900 2.500e+18 5.000e-08   98.2564   62.3981  -23.9606  305.0536

 SPECIES 5
 CELL   X COORD      N DENS     DENSITY U DIF VEL V DIF VEL W DIF VEL	TEMP 
     1    0.0100 5.000e+18 2.000e-07   24.0446  163.7032  440.3088   86.3311
     2    0.0300 3.750e+18 1.500e-07 -258.7551 -128.5414  274.3606  202.9039
     3    0.0500 1.250e+18 5.000e-08 -170.1651 -115.6117  561.4353    0.0003
     4    0.0700 1.250e+12 5.000e-14   19.7134  -54.6370  -11.9858    0.0000
     5    0.0900 1.250e+12 5.000e-14   22.5670  -47.2392   38.1904    0.0000
     6    0.1100 1.250e+12 5.000e-14   64.6820   17.5224   -8.1036    0.0000
     7    0.1300 1.250e+12 5.000e-14  -75.4723  -53.6278   23.9528    0.0000
     8    0.1500 1.250e+12 5.000e-14   17.7374  -41.7215   96.2333    0.0000
     9    0.1700 2.500e+18 1.000e-07 -271.8133 -232.7498  -42.2215   56.0511
    10    0.1900 1.250e+18 5.000e-08 -267.1214   48.4653  395.6562    0.0003
    11    0.2100 3.750e+18 1.500e-07  197.3692  312.5174 -287.4123  275.0577
    12    0.2300 1.250e+12 5.000e-14   19.0375   28.3941   17.1931    0.0000
    13    0.2500 6.250e+18 2.500e-07  -24.0827   51.0923 -109.4659  344.2124
    14    0.2700 1.250e+18 5.000e-08 -324.5853 -176.5705  -55.3962    0.0001
    15    0.2900 2.500e+18 1.000e-07  419.4110  264.8880   53.7281   73.7938
    16    0.3100 1.250e+12 5.000e-14   13.2139   -8.2597  -15.5797    0.0000
    17    0.3300 2.500e+18 1.000e-07  327.4913  237.8965  -24.1335   85.3139
    18    0.3500 2.500e+18 1.000e-07  306.6966   53.2709  411.3095   62.4962
    19    0.3700 1.250e+18 5.000e-08 -349.6983 -540.3225  185.9767    0.0004
    20    0.3900 3.750e+18 1.500e-07  -35.9695   -4.2673   81.2892    9.0095
    21    0.4100 2.500e+18 1.000e-07   22.6082  -75.7626  -87.8965  115.0200
    22    0.4300 1.250e+12 5.000e-14    5.0126  -24.8251  -10.4819    0.0000
    23    0.4500 3.750e+18 1.500e-07  -23.2186  188.5697 -386.6870  327.7995
    24    0.4700 2.500e+18 1.000e-07 -158.6805  -34.0576 -404.6676    5.0570
    25    0.4900 3.750e+18 1.500e-07  -93.2565 -101.4661   24.3514  174.0665
    26    0.5100 2.500e+18 1.000e-07  110.5628  -90.2210 -204.2689   55.5223
    27    0.5300 1.250e+18 5.000e-08 -411.8811 -101.3953   53.5675    0.0002
    28    0.5500 1.250e+18 5.000e-08  737.7647 -148.9229  392.8392    0.0006
    29    0.5700 1.250e+12 5.000e-14    0.4976  -25.0360   41.9120    0.0000
    30    0.5900 1.250e+12 5.000e-14   29.1295   -9.1399   65.8344    0.0000
    31    0.6100 1.250e+12 5.000e-14  -43.6109  -23.5599  -16.0112    0.0000
    32    0.6300 2.500e+18 1.000e-07   -8.1795  109.3084 -208.2573   58.0380
    33    0.6500 3.750e+18 1.500e-07  143.8120   90.4469 -328.0012  303.6688
    34    0.6700 1.250e+12 5.000e-14    8.7320  -94.2598   24.3019    0.0000
    35    0.6900 3.750e+18 1.500e-07  -95.8723 -338.9184  636.9386   36.3881
    36    0.7100 1.250e+18 5.000e-08  105.7720  346.0077  149.7162    0.0001
    37    0.7300 2.500e+18 1.000e-07  263.5062  -61.9383 -185.7548  261.8422
    38    0.7500 1.250e+18 5.000e-08  -22.8162   -8.5077 -322.2591    0.0001
    39    0.7700 5.000e+18 2.000e-07   33.4701 -258.6300   31.2398  148.7072
    40    0.7900 1.250e+18 5.000e-08  396.0262  452.2652  143.1879    0.0004
    41    0.8100 1.250e+12 5.000e-14   13.9007   72.9392  110.2612    0.0000
    42    0.8300 2.500e+18 1.000e-07  132.1623 -272.6320   85.7751  178.8278
    43    0.8500 1.250e+18 5.000e-08  213.0437   66.2946 -139.7673    0.0001
    44    0.8700 2.500e+18 1.000e-07  441.3815 -104.7626  415.7985   84.1940
    45    0.8900 1.250e+18 5.000e-08 -227.5732  -74.4178 -381.9553    0.0002
    46    0.9100 5.000e+18 2.000e-07   21.1784  -93.5586 -146.8517  486.0903
    47    0.9300 1.250e+18 5.000e-08  238.6717 -271.2212 -328.1712    0.0002
    48    0.9500 5.000e+18 2.000e-07    8.9691   12.5283  -59.2119  118.6779
    49    0.9700 2.500e+18 1.000e-07   11.1337 -323.8512  108.0094   83.1593
    50    0.9900 2.500e+18 1.000e-07 -234.4198 -343.2031  193.2593   46.6184

 AVERAGE TEMPERATURE 299.977

 COLLISIONS:-
    3390	    1337	     622	     515	     125	
    1337	     502	     226	     210	      57	
     622	     226	     100	      85	      28	
     515	     210	      85	      74	      20	
     125	      57	      28	      20	       4	

 RATIO OF COLLISION NUMBER TO THEORETICAL VALUE

  0.9643	  0.9674	  1.0052	  0.9632	  0.8761	
  0.9674	  0.9334	  0.9278	  1.0002	  1.0282	
  1.0052	  0.9278	  0.9856	  0.9873	  1.1246	
  0.9632	  1.0002	  0.9873	  1.0193	  0.9348	
  0.8761	  1.0282	  1.1246	  0.9348	  0.7012	
